<?xml version="1.0" encoding="utf-8"?>
<!DOCTYPE coverage SYSTEM "http://cobertura.sourceforge.net/xml/coverage-04.dtd">
<coverage line-rate="0.2075353218210361" branch-rate="0.22236958443854996" lines-covered="1322" lines-valid="6370" branches-covered="503" branches-valid="2262" complexity="1837" version="0" timestamp="1636067977">
  <sources />
  <packages>
    <package name="HtmlAgilityPack" line-rate="0.20539369130748855" branch-rate="0.2253797158255757" complexity="1587">
      <classes>
        <class name="HtmlAgilityPack.Crc32" filename="C:\Repos\HtmlAgilityPack\HtmlAgilityPack.Shared\crc32.cs" line-rate="1" branch-rate="1" complexity="1">
          <methods>
            <method name="CheckSum" signature="()" line-rate="1" branch-rate="1" complexity="NaN">
              <lines />
            </method>
            <method name="CheckSum" signature="(System.UInt32)" line-rate="1" branch-rate="1" complexity="NaN">
              <lines />
            </method>
            <method name="CRC32Bytes" signature="(System.Byte[])" line-rate="1" branch-rate="1" complexity="NaN">
              <lines />
            </method>
            <method name="CRC32String" signature="(System.String)" line-rate="1" branch-rate="1" complexity="NaN">
              <lines />
            </method>
            <method name="AddToCRC32" signature="(System.Int32)" line-rate="1" branch-rate="1" complexity="NaN">
              <lines />
            </method>
            <method name="AddToCRC32" signature="(System.UInt16)" line-rate="1" branch-rate="1" complexity="NaN">
              <lines />
            </method>
            <method name="UPDC32" signature="(System.Byte,System.UInt32)" line-rate="1" branch-rate="1" complexity="NaN">
              <lines />
            </method>
            <method name=".cctor" signature="()" line-rate="1" branch-rate="1" complexity="1">
              <lines />
            </method>
          </methods>
          <lines />
        </class>
        <class name="HtmlAgilityPack.EncodingFoundException" filename="C:\Repos\HtmlAgilityPack\HtmlAgilityPack.Shared\EncodingFoundException.cs" line-rate="1" branch-rate="1" complexity="NaN">
          <methods>
            <method name="Encoding" signature="()" line-rate="1" branch-rate="1" complexity="NaN">
              <lines />
            </method>
            <method name=".ctor" signature="(System.Text.Encoding)" line-rate="1" branch-rate="1" complexity="NaN">
              <lines />
            </method>
          </methods>
          <lines />
        </class>
        <class name="HtmlAgilityPack.HtmlAttribute" filename="C:\Repos\HtmlAgilityPack\HtmlAgilityPack.Shared\HtmlAttribute.cs" line-rate="1" branch-rate="1" complexity="8">
          <methods>
            <method name="Line" signature="()" line-rate="1" branch-rate="1" complexity="NaN">
              <lines />
            </method>
            <method name="Line" signature="(System.Int32)" line-rate="1" branch-rate="1" complexity="NaN">
              <lines />
            </method>
            <method name="LinePosition" signature="()" line-rate="1" branch-rate="1" complexity="NaN">
              <lines />
            </method>
            <method name="ValueStartIndex" signature="()" line-rate="1" branch-rate="1" complexity="NaN">
              <lines />
            </method>
            <method name="ValueLength" signature="()" line-rate="1" branch-rate="1" complexity="NaN">
              <lines />
            </method>
            <method name="UseOriginalName" signature="()" line-rate="1" branch-rate="1" complexity="NaN">
              <lines />
            </method>
            <method name="UseOriginalName" signature="(System.Boolean)" line-rate="1" branch-rate="1" complexity="NaN">
              <lines />
            </method>
            <method name="Name" signature="()" line-rate="1" branch-rate="1" complexity="NaN">
              <lines />
            </method>
            <method name="Name" signature="(System.String)" line-rate="1" branch-rate="1" complexity="NaN">
              <lines />
            </method>
            <method name="OriginalName" signature="()" line-rate="1" branch-rate="1" complexity="NaN">
              <lines />
            </method>
            <method name="OwnerDocument" signature="()" line-rate="1" branch-rate="1" complexity="NaN">
              <lines />
            </method>
            <method name="OwnerNode" signature="()" line-rate="1" branch-rate="1" complexity="NaN">
              <lines />
            </method>
            <method name="QuoteType" signature="()" line-rate="1" branch-rate="1" complexity="NaN">
              <lines />
            </method>
            <method name="QuoteType" signature="(HtmlAgilityPack.AttributeValueQuote)" line-rate="1" branch-rate="1" complexity="NaN">
              <lines />
            </method>
            <method name="InternalQuoteType" signature="()" line-rate="1" branch-rate="1" complexity="NaN">
              <lines />
            </method>
            <method name="InternalQuoteType" signature="(HtmlAgilityPack.AttributeValueQuote)" line-rate="1" branch-rate="1" complexity="NaN">
              <lines />
            </method>
            <method name="StreamPosition" signature="()" line-rate="1" branch-rate="1" complexity="NaN">
              <lines />
            </method>
            <method name="Value" signature="()" line-rate="1" branch-rate="1" complexity="NaN">
              <lines />
            </method>
            <method name="Value" signature="(System.String)" line-rate="1" branch-rate="1" complexity="NaN">
              <lines />
            </method>
            <method name="DeEntitizeValue" signature="()" line-rate="1" branch-rate="1" complexity="NaN">
              <lines />
            </method>
            <method name="XmlName" signature="()" line-rate="1" branch-rate="1" complexity="NaN">
              <lines />
            </method>
            <method name="XmlValue" signature="()" line-rate="1" branch-rate="1" complexity="NaN">
              <lines />
            </method>
            <method name="XPath" signature="()" line-rate="1" branch-rate="1" complexity="NaN">
              <lines />
            </method>
            <method name=".ctor" signature="(HtmlAgilityPack.HtmlDocument)" line-rate="1" branch-rate="1" complexity="NaN">
              <lines />
            </method>
            <method name="CompareTo" signature="(System.Object)" line-rate="1" branch-rate="1" complexity="NaN">
              <lines />
            </method>
            <method name="Clone" signature="()" line-rate="1" branch-rate="1" complexity="1">
              <lines />
            </method>
            <method name="Remove" signature="()" line-rate="1" branch-rate="1" complexity="1">
              <lines />
            </method>
            <method name="GetRelativeXpath" signature="()" line-rate="1" branch-rate="1" complexity="6">
              <lines />
            </method>
          </methods>
          <lines />
        </class>
        <class name="HtmlAgilityPack.HtmlAttributeCollection" filename="C:\Repos\HtmlAgilityPack\HtmlAgilityPack.Shared\HtmlAttributeCollection.cs" line-rate="1" branch-rate="1" complexity="11">
          <methods>
            <method name="Count" signature="()" line-rate="1" branch-rate="1" complexity="NaN">
              <lines />
            </method>
            <method name="IsReadOnly" signature="()" line-rate="1" branch-rate="1" complexity="NaN">
              <lines />
            </method>
            <method name="Item" signature="(System.Int32)" line-rate="1" branch-rate="1" complexity="NaN">
              <lines />
            </method>
            <method name="Item" signature="(System.Int32,HtmlAgilityPack.HtmlAttribute)" line-rate="1" branch-rate="1" complexity="NaN">
              <lines />
            </method>
            <method name="Item" signature="(System.String)" line-rate="1" branch-rate="1" complexity="NaN">
              <lines />
            </method>
            <method name="Item" signature="(System.String,HtmlAgilityPack.HtmlAttribute)" line-rate="1" branch-rate="1" complexity="NaN">
              <lines />
            </method>
            <method name=".ctor" signature="(HtmlAgilityPack.HtmlNode)" line-rate="1" branch-rate="1" complexity="NaN">
              <lines />
            </method>
            <method name="Add" signature="(System.String,System.String)" line-rate="1" branch-rate="1" complexity="NaN">
              <lines />
            </method>
            <method name="Add" signature="(HtmlAgilityPack.HtmlAttribute)" line-rate="1" branch-rate="1" complexity="NaN">
              <lines />
            </method>
            <method name="AddRange" signature="(System.Collections.Generic.IEnumerable`1&lt;HtmlAgilityPack.HtmlAttribute&gt;)" line-rate="1" branch-rate="1" complexity="NaN">
              <lines />
            </method>
            <method name="AddRange" signature="(System.Collections.Generic.Dictionary`2&lt;System.String,System.String&gt;)" line-rate="1" branch-rate="1" complexity="NaN">
              <lines />
            </method>
            <method name="System.Collections.Generic.ICollection&lt;HtmlAgilityPack.HtmlAttribute&gt;.Clear" signature="()" line-rate="1" branch-rate="1" complexity="1">
              <lines />
            </method>
            <method name="Contains" signature="(HtmlAgilityPack.HtmlAttribute)" line-rate="1" branch-rate="1" complexity="NaN">
              <lines />
            </method>
            <method name="CopyTo" signature="(HtmlAgilityPack.HtmlAttribute[],System.Int32)" line-rate="1" branch-rate="1" complexity="NaN">
              <lines />
            </method>
            <method name="System.Collections.Generic.IEnumerable&lt;HtmlAgilityPack.HtmlAttribute&gt;.GetEnumerator" signature="()" line-rate="1" branch-rate="1" complexity="1">
              <lines />
            </method>
            <method name="System.Collections.IEnumerable.GetEnumerator" signature="()" line-rate="1" branch-rate="1" complexity="1">
              <lines />
            </method>
            <method name="IndexOf" signature="(HtmlAgilityPack.HtmlAttribute)" line-rate="1" branch-rate="1" complexity="NaN">
              <lines />
            </method>
            <method name="Insert" signature="(System.Int32,HtmlAgilityPack.HtmlAttribute)" line-rate="1" branch-rate="1" complexity="NaN">
              <lines />
            </method>
            <method name="System.Collections.Generic.ICollection&lt;HtmlAgilityPack.HtmlAttribute&gt;.Remove" signature="(HtmlAgilityPack.HtmlAttribute)" line-rate="1" branch-rate="1" complexity="NaN">
              <lines />
            </method>
            <method name="RemoveAt" signature="(System.Int32)" line-rate="1" branch-rate="1" complexity="NaN">
              <lines />
            </method>
            <method name="Append" signature="(HtmlAgilityPack.HtmlAttribute)" line-rate="1" branch-rate="1" complexity="NaN">
              <lines />
            </method>
            <method name="Append" signature="(System.String)" line-rate="1" branch-rate="1" complexity="NaN">
              <lines />
            </method>
            <method name="Append" signature="(System.String,System.String)" line-rate="1" branch-rate="1" complexity="NaN">
              <lines />
            </method>
            <method name="Contains" signature="(System.String)" line-rate="1" branch-rate="1" complexity="NaN">
              <lines />
            </method>
            <method name="Prepend" signature="(HtmlAgilityPack.HtmlAttribute)" line-rate="1" branch-rate="1" complexity="NaN">
              <lines />
            </method>
            <method name="Remove" signature="(HtmlAgilityPack.HtmlAttribute)" line-rate="1" branch-rate="1" complexity="NaN">
              <lines />
            </method>
            <method name="Remove" signature="(System.String)" line-rate="1" branch-rate="1" complexity="NaN">
              <lines />
            </method>
            <method name="RemoveAll" signature="()" line-rate="1" branch-rate="1" complexity="1">
              <lines />
            </method>
            <method name="Remove" signature="()" line-rate="1" branch-rate="1" complexity="1">
              <lines />
            </method>
            <method name="Clear" signature="()" line-rate="1" branch-rate="1" complexity="1">
              <lines />
            </method>
            <method name="GetAttributeIndex" signature="(HtmlAgilityPack.HtmlAttribute)" line-rate="1" branch-rate="1" complexity="NaN">
              <lines />
            </method>
            <method name="GetAttributeIndex" signature="(System.String)" line-rate="1" branch-rate="1" complexity="NaN">
              <lines />
            </method>
            <method name="AttributesWithName" signature="()" line-rate="1" branch-rate="1" complexity="5">
              <lines />
            </method>
          </methods>
          <lines />
        </class>
        <class name="HtmlAgilityPack.HtmlCmdLine" filename="C:\Repos\HtmlAgilityPack\HtmlAgilityPack.Shared\HtmlCmdLine.cs" line-rate="1" branch-rate="1" complexity="3">
          <methods>
            <method name=".cctor" signature="()" line-rate="1" branch-rate="1" complexity="1">
              <lines />
            </method>
            <method name="GetOption" signature="(System.String,System.String)" line-rate="1" branch-rate="1" complexity="NaN">
              <lines />
            </method>
            <method name="GetOption" signature="(System.Int32,System.String)" line-rate="1" branch-rate="1" complexity="NaN">
              <lines />
            </method>
            <method name="GetOption" signature="(System.String,System.Boolean)" line-rate="1" branch-rate="1" complexity="NaN">
              <lines />
            </method>
            <method name="GetOption" signature="(System.String,System.Int32)" line-rate="1" branch-rate="1" complexity="NaN">
              <lines />
            </method>
            <method name="GetBoolArg" signature="(System.String,System.String,System.Boolean&amp;)" line-rate="1" branch-rate="1" complexity="NaN">
              <lines />
            </method>
            <method name="GetIntArg" signature="(System.String,System.String,System.Int32&amp;)" line-rate="1" branch-rate="1" complexity="NaN">
              <lines />
            </method>
            <method name="GetStringArg" signature="(System.String,System.String&amp;)" line-rate="1" branch-rate="1" complexity="NaN">
              <lines />
            </method>
            <method name="GetStringArg" signature="(System.String,System.String,System.String&amp;)" line-rate="1" branch-rate="1" complexity="NaN">
              <lines />
            </method>
            <method name="ParseArgs" signature="()" line-rate="1" branch-rate="1" complexity="2">
              <lines />
            </method>
          </methods>
          <lines />
        </class>
        <class name="HtmlAgilityPack.HtmlCommentNode" filename="C:\Repos\HtmlAgilityPack\HtmlAgilityPack.Shared\HtmlCommentNode.cs" line-rate="1" branch-rate="1" complexity="NaN">
          <methods>
            <method name="Comment" signature="()" line-rate="1" branch-rate="1" complexity="NaN">
              <lines />
            </method>
            <method name="Comment" signature="(System.String)" line-rate="1" branch-rate="1" complexity="NaN">
              <lines />
            </method>
            <method name="InnerHtml" signature="()" line-rate="1" branch-rate="1" complexity="NaN">
              <lines />
            </method>
            <method name="InnerHtml" signature="(System.String)" line-rate="1" branch-rate="1" complexity="NaN">
              <lines />
            </method>
            <method name="OuterHtml" signature="()" line-rate="1" branch-rate="1" complexity="NaN">
              <lines />
            </method>
            <method name=".ctor" signature="(HtmlAgilityPack.HtmlDocument,System.Int32)" line-rate="1" branch-rate="1" complexity="NaN">
              <lines />
            </method>
          </methods>
          <lines />
        </class>
        <class name="HtmlAgilityPack.HtmlConsoleListener" filename="C:\Repos\HtmlAgilityPack\HtmlAgilityPack.Shared\HtmlConsoleListener.cs" line-rate="1" branch-rate="1" complexity="NaN">
          <methods>
            <method name="Write" signature="(System.String)" line-rate="1" branch-rate="1" complexity="NaN">
              <lines />
            </method>
            <method name="Write" signature="(System.String,System.String)" line-rate="1" branch-rate="1" complexity="NaN">
              <lines />
            </method>
            <method name="WriteLine" signature="(System.String)" line-rate="1" branch-rate="1" complexity="NaN">
              <lines />
            </method>
            <method name="WriteLine" signature="(System.String,System.String)" line-rate="1" branch-rate="1" complexity="NaN">
              <lines />
            </method>
          </methods>
          <lines />
        </class>
        <class name="HtmlAgilityPack.HtmlDocument" filename="C:\Repos\HtmlAgilityPack\HtmlAgilityPack.Shared\HtmlDocument.cs" line-rate="1" branch-rate="1" complexity="252">
          <methods>
            <method name="DisableBehaviorTagP" signature="()" line-rate="1" branch-rate="1" complexity="NaN">
              <lines />
            </method>
            <method name="DisableBehaviorTagP" signature="(System.Boolean)" line-rate="1" branch-rate="1" complexity="NaN">
              <lines />
            </method>
            <method name="DefaultBuilder" signature="()" line-rate="1" branch-rate="1" complexity="NaN">
              <lines />
            </method>
            <method name="DefaultBuilder" signature="(System.Action`1&lt;HtmlAgilityPack.HtmlDocument&gt;)" line-rate="1" branch-rate="1" complexity="NaN">
              <lines />
            </method>
            <method name="ParseExecuting" signature="()" line-rate="1" branch-rate="1" complexity="NaN">
              <lines />
            </method>
            <method name="ParseExecuting" signature="(System.Action`1&lt;HtmlAgilityPack.HtmlDocument&gt;)" line-rate="1" branch-rate="1" complexity="NaN">
              <lines />
            </method>
            <method name="ParsedText" signature="()" line-rate="1" branch-rate="1" complexity="NaN">
              <lines />
            </method>
            <method name="MaxDepthLevel" signature="()" line-rate="1" branch-rate="1" complexity="NaN">
              <lines />
            </method>
            <method name="MaxDepthLevel" signature="(System.Int32)" line-rate="1" branch-rate="1" complexity="NaN">
              <lines />
            </method>
            <method name="CheckSum" signature="()" line-rate="1" branch-rate="1" complexity="NaN">
              <lines />
            </method>
            <method name="DeclaredEncoding" signature="()" line-rate="1" branch-rate="1" complexity="NaN">
              <lines />
            </method>
            <method name="DocumentNode" signature="()" line-rate="1" branch-rate="1" complexity="NaN">
              <lines />
            </method>
            <method name="Encoding" signature="()" line-rate="1" branch-rate="1" complexity="NaN">
              <lines />
            </method>
            <method name="ParseErrors" signature="()" line-rate="1" branch-rate="1" complexity="NaN">
              <lines />
            </method>
            <method name="Remainder" signature="()" line-rate="1" branch-rate="1" complexity="NaN">
              <lines />
            </method>
            <method name="RemainderOffset" signature="()" line-rate="1" branch-rate="1" complexity="NaN">
              <lines />
            </method>
            <method name="StreamEncoding" signature="()" line-rate="1" branch-rate="1" complexity="NaN">
              <lines />
            </method>
            <method name=".ctor" signature="()" line-rate="1" branch-rate="1" complexity="2">
              <lines />
            </method>
            <method name="GetXmlName" signature="(System.String)" line-rate="1" branch-rate="1" complexity="NaN">
              <lines />
            </method>
            <method name="UseAttributeOriginalName" signature="(System.String)" line-rate="1" branch-rate="1" complexity="NaN">
              <lines />
            </method>
            <method name="GetXmlName" signature="(System.String,System.Boolean,System.Boolean)" line-rate="1" branch-rate="1" complexity="NaN">
              <lines />
            </method>
            <method name="HtmlEncode" signature="(System.String)" line-rate="1" branch-rate="1" complexity="NaN">
              <lines />
            </method>
            <method name="HtmlEncodeWithCompatibility" signature="(System.String,System.Boolean)" line-rate="1" branch-rate="1" complexity="NaN">
              <lines />
            </method>
            <method name="IsWhiteSpace" signature="(System.Int32)" line-rate="1" branch-rate="1" complexity="NaN">
              <lines />
            </method>
            <method name="CreateAttribute" signature="(System.String)" line-rate="1" branch-rate="1" complexity="NaN">
              <lines />
            </method>
            <method name="CreateAttribute" signature="(System.String,System.String)" line-rate="1" branch-rate="1" complexity="NaN">
              <lines />
            </method>
            <method name="CreateComment" signature="()" line-rate="1" branch-rate="1" complexity="1">
              <lines />
            </method>
            <method name="CreateComment" signature="(System.String)" line-rate="1" branch-rate="1" complexity="NaN">
              <lines />
            </method>
            <method name="CreateElement" signature="(System.String)" line-rate="1" branch-rate="1" complexity="NaN">
              <lines />
            </method>
            <method name="CreateTextNode" signature="()" line-rate="1" branch-rate="1" complexity="1">
              <lines />
            </method>
            <method name="CreateTextNode" signature="(System.String)" line-rate="1" branch-rate="1" complexity="NaN">
              <lines />
            </method>
            <method name="DetectEncoding" signature="(System.IO.Stream)" line-rate="1" branch-rate="1" complexity="NaN">
              <lines />
            </method>
            <method name="DetectEncoding" signature="(System.IO.Stream,System.Boolean)" line-rate="1" branch-rate="1" complexity="NaN">
              <lines />
            </method>
            <method name="DetectEncoding" signature="(System.IO.TextReader)" line-rate="1" branch-rate="1" complexity="NaN">
              <lines />
            </method>
            <method name="DetectEncodingHtml" signature="(System.String)" line-rate="1" branch-rate="1" complexity="NaN">
              <lines />
            </method>
            <method name="GetElementbyId" signature="(System.String)" line-rate="1" branch-rate="1" complexity="NaN">
              <lines />
            </method>
            <method name="Load" signature="(System.IO.Stream)" line-rate="1" branch-rate="1" complexity="NaN">
              <lines />
            </method>
            <method name="Load" signature="(System.IO.Stream,System.Boolean)" line-rate="1" branch-rate="1" complexity="NaN">
              <lines />
            </method>
            <method name="Load" signature="(System.IO.Stream,System.Text.Encoding)" line-rate="1" branch-rate="1" complexity="NaN">
              <lines />
            </method>
            <method name="Load" signature="(System.IO.Stream,System.Text.Encoding,System.Boolean)" line-rate="1" branch-rate="1" complexity="NaN">
              <lines />
            </method>
            <method name="Load" signature="(System.IO.Stream,System.Text.Encoding,System.Boolean,System.Int32)" line-rate="1" branch-rate="1" complexity="NaN">
              <lines />
            </method>
            <method name="Load" signature="(System.IO.TextReader)" line-rate="1" branch-rate="1" complexity="NaN">
              <lines />
            </method>
            <method name="LoadHtml" signature="(System.String)" line-rate="1" branch-rate="1" complexity="NaN">
              <lines />
            </method>
            <method name="Save" signature="(System.IO.Stream)" line-rate="1" branch-rate="1" complexity="NaN">
              <lines />
            </method>
            <method name="Save" signature="(System.IO.Stream,System.Text.Encoding)" line-rate="1" branch-rate="1" complexity="NaN">
              <lines />
            </method>
            <method name="Save" signature="(System.IO.StreamWriter)" line-rate="1" branch-rate="1" complexity="NaN">
              <lines />
            </method>
            <method name="Save" signature="(System.IO.TextWriter)" line-rate="1" branch-rate="1" complexity="NaN">
              <lines />
            </method>
            <method name="Save" signature="(System.Xml.XmlWriter)" line-rate="1" branch-rate="1" complexity="NaN">
              <lines />
            </method>
            <method name="CreateAttribute" signature="()" line-rate="1" branch-rate="1" complexity="1">
              <lines />
            </method>
            <method name="CreateNode" signature="(HtmlAgilityPack.HtmlNodeType)" line-rate="1" branch-rate="1" complexity="NaN">
              <lines />
            </method>
            <method name="CreateNode" signature="(HtmlAgilityPack.HtmlNodeType,System.Int32)" line-rate="1" branch-rate="1" complexity="NaN">
              <lines />
            </method>
            <method name="GetOutEncoding" signature="()" line-rate="1" branch-rate="1" complexity="3">
              <lines />
            </method>
            <method name="GetXmlDeclaration" signature="()" line-rate="1" branch-rate="1" complexity="5">
              <lines />
            </method>
            <method name="SetIdForNode" signature="(HtmlAgilityPack.HtmlNode,System.String)" line-rate="1" branch-rate="1" complexity="NaN">
              <lines />
            </method>
            <method name="UpdateLastParentNode" signature="()" line-rate="1" branch-rate="1" complexity="4">
              <lines />
            </method>
            <method name="AddError" signature="(HtmlAgilityPack.HtmlParseErrorCode,System.Int32,System.Int32,System.Int32,System.String,System.String)" line-rate="1" branch-rate="1" complexity="NaN">
              <lines />
            </method>
            <method name="CloseCurrentNode" signature="()" line-rate="1" branch-rate="1" complexity="21">
              <lines />
            </method>
            <method name="CurrentNodeName" signature="()" line-rate="1" branch-rate="1" complexity="1">
              <lines />
            </method>
            <method name="DecrementPosition" signature="()" line-rate="1" branch-rate="1" complexity="2">
              <lines />
            </method>
            <method name="FindResetterNode" signature="(HtmlAgilityPack.HtmlNode,System.String)" line-rate="1" branch-rate="1" complexity="NaN">
              <lines />
            </method>
            <method name="FindResetterNodes" signature="(HtmlAgilityPack.HtmlNode,System.String[])" line-rate="1" branch-rate="1" complexity="NaN">
              <lines />
            </method>
            <method name="FixNestedTag" signature="(System.String,System.String[])" line-rate="1" branch-rate="1" complexity="NaN">
              <lines />
            </method>
            <method name="FixNestedTags" signature="()" line-rate="1" branch-rate="1" complexity="2">
              <lines />
            </method>
            <method name="GetResetters" signature="(System.String)" line-rate="1" branch-rate="1" complexity="NaN">
              <lines />
            </method>
            <method name="IncrementPosition" signature="()" line-rate="1" branch-rate="1" complexity="3">
              <lines />
            </method>
            <method name="IsValidTag" signature="()" line-rate="1" branch-rate="1" complexity="7">
              <lines />
            </method>
            <method name="NewCheck" signature="()" line-rate="1" branch-rate="1" complexity="16">
              <lines />
            </method>
            <method name="Parse" signature="()" line-rate="1" branch-rate="1" complexity="91">
              <lines />
            </method>
            <method name="PushAttributeNameEnd" signature="(System.Int32)" line-rate="1" branch-rate="1" complexity="NaN">
              <lines />
            </method>
            <method name="PushAttributeNameStart" signature="(System.Int32,System.Int32)" line-rate="1" branch-rate="1" complexity="NaN">
              <lines />
            </method>
            <method name="PushAttributeValueEnd" signature="(System.Int32)" line-rate="1" branch-rate="1" complexity="NaN">
              <lines />
            </method>
            <method name="PushAttributeValueStart" signature="(System.Int32)" line-rate="1" branch-rate="1" complexity="NaN">
              <lines />
            </method>
            <method name="CloseParentImplicitExplicitNode" signature="()" line-rate="1" branch-rate="1" complexity="7">
              <lines />
            </method>
            <method name="IsParentImplicitEnd" signature="()" line-rate="1" branch-rate="1" complexity="36">
              <lines />
            </method>
            <method name="IsParentExplicitEnd" signature="()" line-rate="1" branch-rate="1" complexity="46">
              <lines />
            </method>
            <method name="CloseParentImplicitEnd" signature="()" line-rate="1" branch-rate="1" complexity="1">
              <lines />
            </method>
            <method name="CloseParentExplicitEnd" signature="()" line-rate="1" branch-rate="1" complexity="1">
              <lines />
            </method>
            <method name="PushAttributeValueStart" signature="(System.Int32,System.Int32)" line-rate="1" branch-rate="1" complexity="NaN">
              <lines />
            </method>
            <method name="PushNodeEnd" signature="(System.Int32,System.Boolean)" line-rate="1" branch-rate="1" complexity="NaN">
              <lines />
            </method>
            <method name="PushNodeNameEnd" signature="(System.Int32)" line-rate="1" branch-rate="1" complexity="NaN">
              <lines />
            </method>
            <method name="PushNodeNameStart" signature="(System.Boolean,System.Int32)" line-rate="1" branch-rate="1" complexity="NaN">
              <lines />
            </method>
            <method name="PushNodeStart" signature="(HtmlAgilityPack.HtmlNodeType,System.Int32,System.Int32)" line-rate="1" branch-rate="1" complexity="NaN">
              <lines />
            </method>
            <method name="ReadDocumentEncoding" signature="(HtmlAgilityPack.HtmlNode)" line-rate="1" branch-rate="1" complexity="NaN">
              <lines />
            </method>
            <method name=".cctor" signature="()" line-rate="1" branch-rate="1" complexity="1">
              <lines />
            </method>
          </methods>
          <lines />
        </class>
        <class name="HtmlAgilityPack.HtmlDocument" filename="C:\Repos\HtmlAgilityPack\HtmlAgilityPack.Shared\HtmlDocument.PathMethods.cs" line-rate="1" branch-rate="1" complexity="NaN">
          <methods>
            <method name="DetectEncodingAndLoad" signature="(System.String)" line-rate="1" branch-rate="1" complexity="NaN">
              <lines />
            </method>
            <method name="DetectEncodingAndLoad" signature="(System.String,System.Boolean)" line-rate="1" branch-rate="1" complexity="NaN">
              <lines />
            </method>
            <method name="DetectEncoding" signature="(System.String)" line-rate="1" branch-rate="1" complexity="NaN">
              <lines />
            </method>
            <method name="Load" signature="(System.String)" line-rate="1" branch-rate="1" complexity="NaN">
              <lines />
            </method>
            <method name="Load" signature="(System.String,System.Boolean)" line-rate="1" branch-rate="1" complexity="NaN">
              <lines />
            </method>
            <method name="Load" signature="(System.String,System.Text.Encoding)" line-rate="1" branch-rate="1" complexity="NaN">
              <lines />
            </method>
            <method name="Load" signature="(System.String,System.Text.Encoding,System.Boolean)" line-rate="1" branch-rate="1" complexity="NaN">
              <lines />
            </method>
            <method name="Load" signature="(System.String,System.Text.Encoding,System.Boolean,System.Int32)" line-rate="1" branch-rate="1" complexity="NaN">
              <lines />
            </method>
            <method name="Save" signature="(System.String)" line-rate="1" branch-rate="1" complexity="NaN">
              <lines />
            </method>
            <method name="Save" signature="(System.String,System.Text.Encoding)" line-rate="1" branch-rate="1" complexity="NaN">
              <lines />
            </method>
          </methods>
          <lines />
        </class>
        <class name="HtmlAgilityPack.HtmlDocument" filename="C:\Repos\HtmlAgilityPack\HtmlAgilityPack.Shared\HtmlDocument.Xpath.cs" line-rate="1" branch-rate="1" complexity="1">
          <methods>
            <method name="CreateNavigator" signature="()" line-rate="1" branch-rate="1" complexity="1">
              <lines />
            </method>
          </methods>
          <lines />
        </class>
        <class name="HtmlAgilityPack.HtmlEntity" filename="C:\Repos\HtmlAgilityPack\HtmlAgilityPack.Shared\HtmlEntity.cs" line-rate="1" branch-rate="1" complexity="2">
          <methods>
            <method name="UseWebUtility" signature="()" line-rate="1" branch-rate="1" complexity="NaN">
              <lines />
            </method>
            <method name="UseWebUtility" signature="(System.Boolean)" line-rate="1" branch-rate="1" complexity="NaN">
              <lines />
            </method>
            <method name="EntityName" signature="()" line-rate="1" branch-rate="1" complexity="NaN">
              <lines />
            </method>
            <method name="EntityValue" signature="()" line-rate="1" branch-rate="1" complexity="NaN">
              <lines />
            </method>
            <method name=".cctor" signature="()" line-rate="1" branch-rate="1" complexity="1">
              <lines />
            </method>
            <method name=".ctor" signature="()" line-rate="1" branch-rate="1" complexity="1">
              <lines />
            </method>
            <method name="DeEntitize" signature="(System.String)" line-rate="1" branch-rate="1" complexity="NaN">
              <lines />
            </method>
            <method name="Entitize" signature="(HtmlAgilityPack.HtmlNode)" line-rate="1" branch-rate="1" complexity="NaN">
              <lines />
            </method>
            <method name="Entitize" signature="(System.String)" line-rate="1" branch-rate="1" complexity="NaN">
              <lines />
            </method>
            <method name="Entitize" signature="(System.String,System.Boolean)" line-rate="1" branch-rate="1" complexity="NaN">
              <lines />
            </method>
            <method name="Entitize" signature="(System.String,System.Boolean,System.Boolean)" line-rate="1" branch-rate="1" complexity="NaN">
              <lines />
            </method>
            <method name="Entitize" signature="(HtmlAgilityPack.HtmlAttributeCollection)" line-rate="1" branch-rate="1" complexity="NaN">
              <lines />
            </method>
            <method name="Entitize" signature="(HtmlAgilityPack.HtmlNodeCollection)" line-rate="1" branch-rate="1" complexity="NaN">
              <lines />
            </method>
          </methods>
          <lines />
        </class>
        <class name="HtmlAgilityPack.HtmlNameTable" filename="C:\Repos\HtmlAgilityPack\HtmlAgilityPack.Shared\HtmlNameTable.cs" line-rate="1" branch-rate="1" complexity="1">
          <methods>
            <method name="Add" signature="(System.String)" line-rate="1" branch-rate="1" complexity="NaN">
              <lines />
            </method>
            <method name="Add" signature="(System.Char[],System.Int32,System.Int32)" line-rate="1" branch-rate="1" complexity="NaN">
              <lines />
            </method>
            <method name="Get" signature="(System.String)" line-rate="1" branch-rate="1" complexity="NaN">
              <lines />
            </method>
            <method name="Get" signature="(System.Char[],System.Int32,System.Int32)" line-rate="1" branch-rate="1" complexity="NaN">
              <lines />
            </method>
            <method name="GetOrAdd" signature="(System.String)" line-rate="1" branch-rate="1" complexity="NaN">
              <lines />
            </method>
            <method name=".ctor" signature="()" line-rate="1" branch-rate="1" complexity="1">
              <lines />
            </method>
          </methods>
          <lines />
        </class>
        <class name="HtmlAgilityPack.HtmlNode" filename="C:\Repos\HtmlAgilityPack\HtmlAgilityPack.Shared\HtmlNode.cs" line-rate="1" branch-rate="1" complexity="129">
          <methods>
            <method name="Attributes" signature="()" line-rate="1" branch-rate="1" complexity="NaN">
              <lines />
            </method>
            <method name="Attributes" signature="(HtmlAgilityPack.HtmlAttributeCollection)" line-rate="1" branch-rate="1" complexity="NaN">
              <lines />
            </method>
            <method name="ChildNodes" signature="()" line-rate="1" branch-rate="1" complexity="NaN">
              <lines />
            </method>
            <method name="ChildNodes" signature="(HtmlAgilityPack.HtmlNodeCollection)" line-rate="1" branch-rate="1" complexity="NaN">
              <lines />
            </method>
            <method name="Closed" signature="()" line-rate="1" branch-rate="1" complexity="NaN">
              <lines />
            </method>
            <method name="ClosingAttributes" signature="()" line-rate="1" branch-rate="1" complexity="NaN">
              <lines />
            </method>
            <method name="EndNode" signature="()" line-rate="1" branch-rate="1" complexity="NaN">
              <lines />
            </method>
            <method name="FirstChild" signature="()" line-rate="1" branch-rate="1" complexity="NaN">
              <lines />
            </method>
            <method name="HasAttributes" signature="()" line-rate="1" branch-rate="1" complexity="NaN">
              <lines />
            </method>
            <method name="HasChildNodes" signature="()" line-rate="1" branch-rate="1" complexity="NaN">
              <lines />
            </method>
            <method name="HasClosingAttributes" signature="()" line-rate="1" branch-rate="1" complexity="NaN">
              <lines />
            </method>
            <method name="Id" signature="()" line-rate="1" branch-rate="1" complexity="NaN">
              <lines />
            </method>
            <method name="Id" signature="(System.String)" line-rate="1" branch-rate="1" complexity="NaN">
              <lines />
            </method>
            <method name="InnerHtml" signature="()" line-rate="1" branch-rate="1" complexity="NaN">
              <lines />
            </method>
            <method name="InnerHtml" signature="(System.String)" line-rate="1" branch-rate="1" complexity="NaN">
              <lines />
            </method>
            <method name="InnerText" signature="()" line-rate="1" branch-rate="1" complexity="NaN">
              <lines />
            </method>
            <method name="LastChild" signature="()" line-rate="1" branch-rate="1" complexity="NaN">
              <lines />
            </method>
            <method name="Line" signature="()" line-rate="1" branch-rate="1" complexity="NaN">
              <lines />
            </method>
            <method name="Line" signature="(System.Int32)" line-rate="1" branch-rate="1" complexity="NaN">
              <lines />
            </method>
            <method name="LinePosition" signature="()" line-rate="1" branch-rate="1" complexity="NaN">
              <lines />
            </method>
            <method name="LinePosition" signature="(System.Int32)" line-rate="1" branch-rate="1" complexity="NaN">
              <lines />
            </method>
            <method name="InnerStartIndex" signature="()" line-rate="1" branch-rate="1" complexity="NaN">
              <lines />
            </method>
            <method name="OuterStartIndex" signature="()" line-rate="1" branch-rate="1" complexity="NaN">
              <lines />
            </method>
            <method name="InnerLength" signature="()" line-rate="1" branch-rate="1" complexity="NaN">
              <lines />
            </method>
            <method name="OuterLength" signature="()" line-rate="1" branch-rate="1" complexity="NaN">
              <lines />
            </method>
            <method name="Name" signature="()" line-rate="1" branch-rate="1" complexity="NaN">
              <lines />
            </method>
            <method name="Name" signature="(System.String)" line-rate="1" branch-rate="1" complexity="NaN">
              <lines />
            </method>
            <method name="NextSibling" signature="()" line-rate="1" branch-rate="1" complexity="NaN">
              <lines />
            </method>
            <method name="NextSibling" signature="(HtmlAgilityPack.HtmlNode)" line-rate="1" branch-rate="1" complexity="NaN">
              <lines />
            </method>
            <method name="NodeType" signature="()" line-rate="1" branch-rate="1" complexity="NaN">
              <lines />
            </method>
            <method name="NodeType" signature="(HtmlAgilityPack.HtmlNodeType)" line-rate="1" branch-rate="1" complexity="NaN">
              <lines />
            </method>
            <method name="OriginalName" signature="()" line-rate="1" branch-rate="1" complexity="NaN">
              <lines />
            </method>
            <method name="OuterHtml" signature="()" line-rate="1" branch-rate="1" complexity="NaN">
              <lines />
            </method>
            <method name="OwnerDocument" signature="()" line-rate="1" branch-rate="1" complexity="NaN">
              <lines />
            </method>
            <method name="OwnerDocument" signature="(HtmlAgilityPack.HtmlDocument)" line-rate="1" branch-rate="1" complexity="NaN">
              <lines />
            </method>
            <method name="ParentNode" signature="()" line-rate="1" branch-rate="1" complexity="NaN">
              <lines />
            </method>
            <method name="ParentNode" signature="(HtmlAgilityPack.HtmlNode)" line-rate="1" branch-rate="1" complexity="NaN">
              <lines />
            </method>
            <method name="PreviousSibling" signature="()" line-rate="1" branch-rate="1" complexity="NaN">
              <lines />
            </method>
            <method name="PreviousSibling" signature="(HtmlAgilityPack.HtmlNode)" line-rate="1" branch-rate="1" complexity="NaN">
              <lines />
            </method>
            <method name="StreamPosition" signature="()" line-rate="1" branch-rate="1" complexity="NaN">
              <lines />
            </method>
            <method name="XPath" signature="()" line-rate="1" branch-rate="1" complexity="NaN">
              <lines />
            </method>
            <method name="Depth" signature="()" line-rate="1" branch-rate="1" complexity="NaN">
              <lines />
            </method>
            <method name="Depth" signature="(System.Int32)" line-rate="1" branch-rate="1" complexity="NaN">
              <lines />
            </method>
            <method name=".cctor" signature="()" line-rate="1" branch-rate="1" complexity="2">
              <lines />
            </method>
            <method name=".ctor" signature="(HtmlAgilityPack.HtmlNodeType,HtmlAgilityPack.HtmlDocument,System.Int32)" line-rate="1" branch-rate="1" complexity="NaN">
              <lines />
            </method>
            <method name="InternalInnerText" signature="(System.Text.StringBuilder,System.Boolean,System.Int32)" line-rate="1" branch-rate="1" complexity="NaN">
              <lines />
            </method>
            <method name="GetDirectInnerText" signature="()" line-rate="1" branch-rate="1" complexity="9">
              <lines />
            </method>
            <method name="GetCurrentNodeText" signature="()" line-rate="1" branch-rate="1" complexity="3">
              <lines />
            </method>
            <method name="AppendDirectInnerText" signature="(System.Text.StringBuilder)" line-rate="1" branch-rate="1" complexity="NaN">
              <lines />
            </method>
            <method name="AppendInnerText" signature="(System.Text.StringBuilder,System.Boolean)" line-rate="1" branch-rate="1" complexity="NaN">
              <lines />
            </method>
            <method name="CanOverlapElement" signature="(System.String)" line-rate="1" branch-rate="1" complexity="NaN">
              <lines />
            </method>
            <method name="CreateNode" signature="(System.String)" line-rate="1" branch-rate="1" complexity="NaN">
              <lines />
            </method>
            <method name="CreateNode" signature="(System.String,System.Action`1&lt;HtmlAgilityPack.HtmlDocument&gt;)" line-rate="1" branch-rate="1" complexity="NaN">
              <lines />
            </method>
            <method name="IsCDataElement" signature="(System.String)" line-rate="1" branch-rate="1" complexity="NaN">
              <lines />
            </method>
            <method name="IsClosedElement" signature="(System.String)" line-rate="1" branch-rate="1" complexity="NaN">
              <lines />
            </method>
            <method name="IsEmptyElement" signature="(System.String)" line-rate="1" branch-rate="1" complexity="NaN">
              <lines />
            </method>
            <method name="IsOverlappedClosingElement" signature="(System.String)" line-rate="1" branch-rate="1" complexity="NaN">
              <lines />
            </method>
            <method name="AppendChild" signature="(HtmlAgilityPack.HtmlNode)" line-rate="1" branch-rate="1" complexity="NaN">
              <lines />
            </method>
            <method name="SetChildNodesId" signature="(HtmlAgilityPack.HtmlNode)" line-rate="1" branch-rate="1" complexity="NaN">
              <lines />
            </method>
            <method name="AppendChildren" signature="(HtmlAgilityPack.HtmlNodeCollection)" line-rate="1" branch-rate="1" complexity="NaN">
              <lines />
            </method>
            <method name="ChildAttributes" signature="(System.String)" line-rate="1" branch-rate="1" complexity="NaN">
              <lines />
            </method>
            <method name="Clone" signature="()" line-rate="1" branch-rate="1" complexity="1">
              <lines />
            </method>
            <method name="CloneNode" signature="(System.String)" line-rate="1" branch-rate="1" complexity="NaN">
              <lines />
            </method>
            <method name="CloneNode" signature="(System.String,System.Boolean)" line-rate="1" branch-rate="1" complexity="NaN">
              <lines />
            </method>
            <method name="CloneNode" signature="(System.Boolean)" line-rate="1" branch-rate="1" complexity="NaN">
              <lines />
            </method>
            <method name="CopyFrom" signature="(HtmlAgilityPack.HtmlNode)" line-rate="1" branch-rate="1" complexity="NaN">
              <lines />
            </method>
            <method name="CopyFrom" signature="(HtmlAgilityPack.HtmlNode,System.Boolean)" line-rate="1" branch-rate="1" complexity="NaN">
              <lines />
            </method>
            <method name="DescendantNodesAndSelf" signature="()" line-rate="1" branch-rate="1" complexity="1">
              <lines />
            </method>
            <method name="Descendants" signature="()" line-rate="1" branch-rate="1" complexity="1">
              <lines />
            </method>
            <method name="Element" signature="(System.String)" line-rate="1" branch-rate="1" complexity="NaN">
              <lines />
            </method>
            <method name="GetDataAttribute" signature="(System.String)" line-rate="1" branch-rate="1" complexity="NaN">
              <lines />
            </method>
            <method name="GetDataAttributes" signature="()" line-rate="1" branch-rate="1" complexity="3">
              <lines />
            </method>
            <method name="GetAttributes" signature="()" line-rate="1" branch-rate="1" complexity="1">
              <lines />
            </method>
            <method name="GetAttributes" signature="(System.String[])" line-rate="1" branch-rate="1" complexity="NaN">
              <lines />
            </method>
            <method name="GetAttributeValue" signature="(System.String,System.String)" line-rate="1" branch-rate="1" complexity="NaN">
              <lines />
            </method>
            <method name="GetAttributeValue" signature="(System.String,System.Int32)" line-rate="1" branch-rate="1" complexity="NaN">
              <lines />
            </method>
            <method name="GetAttributeValue" signature="(System.String,System.Boolean)" line-rate="1" branch-rate="1" complexity="NaN">
              <lines />
            </method>
            <method name="GetAttributeValue" signature="(System.String,T)" line-rate="1" branch-rate="1" complexity="NaN">
              <lines />
            </method>
            <method name="InsertAfter" signature="(HtmlAgilityPack.HtmlNode,HtmlAgilityPack.HtmlNode)" line-rate="1" branch-rate="1" complexity="NaN">
              <lines />
            </method>
            <method name="InsertBefore" signature="(HtmlAgilityPack.HtmlNode,HtmlAgilityPack.HtmlNode)" line-rate="1" branch-rate="1" complexity="NaN">
              <lines />
            </method>
            <method name="PrependChild" signature="(HtmlAgilityPack.HtmlNode)" line-rate="1" branch-rate="1" complexity="NaN">
              <lines />
            </method>
            <method name="PrependChildren" signature="(HtmlAgilityPack.HtmlNodeCollection)" line-rate="1" branch-rate="1" complexity="NaN">
              <lines />
            </method>
            <method name="Remove" signature="()" line-rate="1" branch-rate="1" complexity="2">
              <lines />
            </method>
            <method name="RemoveAll" signature="()" line-rate="1" branch-rate="1" complexity="5">
              <lines />
            </method>
            <method name="RemoveAllChildren" signature="()" line-rate="1" branch-rate="1" complexity="5">
              <lines />
            </method>
            <method name="RemoveAllIDforNode" signature="(HtmlAgilityPack.HtmlNode)" line-rate="1" branch-rate="1" complexity="NaN">
              <lines />
            </method>
            <method name="MoveChild" signature="(HtmlAgilityPack.HtmlNode)" line-rate="1" branch-rate="1" complexity="NaN">
              <lines />
            </method>
            <method name="MoveChildren" signature="(HtmlAgilityPack.HtmlNodeCollection)" line-rate="1" branch-rate="1" complexity="NaN">
              <lines />
            </method>
            <method name="RemoveChildren" signature="(HtmlAgilityPack.HtmlNodeCollection)" line-rate="1" branch-rate="1" complexity="NaN">
              <lines />
            </method>
            <method name="RemoveChild" signature="(HtmlAgilityPack.HtmlNode)" line-rate="1" branch-rate="1" complexity="NaN">
              <lines />
            </method>
            <method name="RemoveChild" signature="(HtmlAgilityPack.HtmlNode,System.Boolean)" line-rate="1" branch-rate="1" complexity="NaN">
              <lines />
            </method>
            <method name="ReplaceChild" signature="(HtmlAgilityPack.HtmlNode,HtmlAgilityPack.HtmlNode)" line-rate="1" branch-rate="1" complexity="NaN">
              <lines />
            </method>
            <method name="SetAttributeValue" signature="(System.String,System.String)" line-rate="1" branch-rate="1" complexity="NaN">
              <lines />
            </method>
            <method name="WriteContentTo" signature="(System.IO.TextWriter,System.Int32)" line-rate="1" branch-rate="1" complexity="NaN">
              <lines />
            </method>
            <method name="WriteContentTo" signature="()" line-rate="1" branch-rate="1" complexity="1">
              <lines />
            </method>
            <method name="WriteTo" signature="(System.IO.TextWriter,System.Int32)" line-rate="1" branch-rate="1" complexity="NaN">
              <lines />
            </method>
            <method name="WriteTo" signature="(System.Xml.XmlWriter)" line-rate="1" branch-rate="1" complexity="NaN">
              <lines />
            </method>
            <method name="WriteTo" signature="()" line-rate="1" branch-rate="1" complexity="2">
              <lines />
            </method>
            <method name="SetParent" signature="(HtmlAgilityPack.HtmlNode)" line-rate="1" branch-rate="1" complexity="NaN">
              <lines />
            </method>
            <method name="SetChanged" signature="()" line-rate="1" branch-rate="1" complexity="2">
              <lines />
            </method>
            <method name="UpdateHtml" signature="()" line-rate="1" branch-rate="1" complexity="1">
              <lines />
            </method>
            <method name="GetXmlComment" signature="(HtmlAgilityPack.HtmlCommentNode)" line-rate="1" branch-rate="1" complexity="NaN">
              <lines />
            </method>
            <method name="WriteAttributes" signature="(System.Xml.XmlWriter,HtmlAgilityPack.HtmlNode)" line-rate="1" branch-rate="1" complexity="NaN">
              <lines />
            </method>
            <method name="UpdateLastNode" signature="()" line-rate="1" branch-rate="1" complexity="14">
              <lines />
            </method>
            <method name="CloseNode" signature="(HtmlAgilityPack.HtmlNode,System.Int32)" line-rate="1" branch-rate="1" complexity="NaN">
              <lines />
            </method>
            <method name="GetId" signature="()" line-rate="1" branch-rate="1" complexity="2">
              <lines />
            </method>
            <method name="SetId" signature="(System.String)" line-rate="1" branch-rate="1" complexity="NaN">
              <lines />
            </method>
            <method name="WriteAttribute" signature="(System.IO.TextWriter,HtmlAgilityPack.HtmlAttribute)" line-rate="1" branch-rate="1" complexity="NaN">
              <lines />
            </method>
            <method name="WriteAttributes" signature="(System.IO.TextWriter,System.Boolean)" line-rate="1" branch-rate="1" complexity="NaN">
              <lines />
            </method>
            <method name="GetRelativeXpath" signature="()" line-rate="1" branch-rate="1" complexity="7">
              <lines />
            </method>
            <method name="IsSingleElementNode" signature="()" line-rate="1" branch-rate="1" complexity="5">
              <lines />
            </method>
            <method name="AddClass" signature="(System.String)" line-rate="1" branch-rate="1" complexity="NaN">
              <lines />
            </method>
            <method name="AddClass" signature="(System.String,System.Boolean)" line-rate="1" branch-rate="1" complexity="NaN">
              <lines />
            </method>
            <method name="RemoveClass" signature="()" line-rate="1" branch-rate="1" complexity="1">
              <lines />
            </method>
            <method name="RemoveClass" signature="(System.Boolean)" line-rate="1" branch-rate="1" complexity="NaN">
              <lines />
            </method>
            <method name="RemoveClass" signature="(System.String)" line-rate="1" branch-rate="1" complexity="NaN">
              <lines />
            </method>
            <method name="RemoveClass" signature="(System.String,System.Boolean)" line-rate="1" branch-rate="1" complexity="NaN">
              <lines />
            </method>
            <method name="ReplaceClass" signature="(System.String,System.String)" line-rate="1" branch-rate="1" complexity="NaN">
              <lines />
            </method>
            <method name="ReplaceClass" signature="(System.String,System.String,System.Boolean)" line-rate="1" branch-rate="1" complexity="NaN">
              <lines />
            </method>
            <method name="HasClass" signature="(System.String)" line-rate="1" branch-rate="1" complexity="NaN">
              <lines />
            </method>
            <method name="IsEmpty" signature="(System.Collections.IEnumerable)" line-rate="1" branch-rate="1" complexity="NaN">
              <lines />
            </method>
            <method name="Ancestors" signature="()" line-rate="1" branch-rate="1" complexity="6">
              <lines />
            </method>
            <method name="Ancestors" signature="()" line-rate="1" branch-rate="1" complexity="5">
              <lines />
            </method>
            <method name="AncestorsAndSelf" signature="()" line-rate="1" branch-rate="1" complexity="4">
              <lines />
            </method>
            <method name="AncestorsAndSelf" signature="()" line-rate="1" branch-rate="1" complexity="5">
              <lines />
            </method>
            <method name="DescendantNodes" signature="()" line-rate="1" branch-rate="1" complexity="7">
              <lines />
            </method>
            <method name="Descendants" signature="()" line-rate="1" branch-rate="1" complexity="7">
              <lines />
            </method>
            <method name="Descendants" signature="()" line-rate="1" branch-rate="1" complexity="5">
              <lines />
            </method>
            <method name="DescendantsAndSelf" signature="()" line-rate="1" branch-rate="1" complexity="6">
              <lines />
            </method>
            <method name="DescendantsAndSelf" signature="()" line-rate="1" branch-rate="1" complexity="6">
              <lines />
            </method>
            <method name="Elements" signature="()" line-rate="1" branch-rate="1" complexity="5">
              <lines />
            </method>
            <method name="GetClasses" signature="()" line-rate="1" branch-rate="1" complexity="5">
              <lines />
            </method>
          </methods>
          <lines />
        </class>
        <class name="HtmlAgilityPack.HtmlNode" filename="C:\Repos\HtmlAgilityPack\HtmlAgilityPack.Shared\HtmlNode.Encapsulator.cs" line-rate="1" branch-rate="1" complexity="1">
          <methods>
            <method name="GetEncapsulatedData" signature="()" line-rate="1" branch-rate="1" complexity="1">
              <lines />
            </method>
            <method name="GetEncapsulatedData" signature="(HtmlAgilityPack.HtmlDocument)" line-rate="1" branch-rate="1" complexity="NaN">
              <lines />
            </method>
            <method name="GetEncapsulatedData" signature="(System.Type,HtmlAgilityPack.HtmlDocument)" line-rate="1" branch-rate="1" complexity="NaN">
              <lines />
            </method>
          </methods>
          <lines />
        </class>
        <class name="HtmlAgilityPack.HtmlNode" filename="C:\Repos\HtmlAgilityPack\HtmlAgilityPack.Shared\HtmlNode.Xpath.cs" line-rate="1" branch-rate="1" complexity="2">
          <methods>
            <method name="CreateNavigator" signature="()" line-rate="1" branch-rate="1" complexity="1">
              <lines />
            </method>
            <method name="CreateRootNavigator" signature="()" line-rate="1" branch-rate="1" complexity="1">
              <lines />
            </method>
            <method name="SelectNodes" signature="(System.String)" line-rate="1" branch-rate="1" complexity="NaN">
              <lines />
            </method>
            <method name="SelectNodes" signature="(System.Xml.XPath.XPathExpression)" line-rate="1" branch-rate="1" complexity="NaN">
              <lines />
            </method>
            <method name="SelectSingleNode" signature="(System.String)" line-rate="1" branch-rate="1" complexity="NaN">
              <lines />
            </method>
            <method name="SelectSingleNode" signature="(System.Xml.XPath.XPathExpression)" line-rate="1" branch-rate="1" complexity="NaN">
              <lines />
            </method>
          </methods>
          <lines />
        </class>
        <class name="HtmlAgilityPack.HtmlNodeCollection" filename="C:\Repos\HtmlAgilityPack\HtmlAgilityPack.Shared\HtmlNodeCollection.cs" line-rate="1" branch-rate="1" complexity="29">
          <methods>
            <method name="ParentNode" signature="()" line-rate="1" branch-rate="1" complexity="NaN">
              <lines />
            </method>
            <method name="Item" signature="(HtmlAgilityPack.HtmlNode)" line-rate="1" branch-rate="1" complexity="NaN">
              <lines />
            </method>
            <method name="Item" signature="(System.String)" line-rate="1" branch-rate="1" complexity="NaN">
              <lines />
            </method>
            <method name="Count" signature="()" line-rate="1" branch-rate="1" complexity="NaN">
              <lines />
            </method>
            <method name="IsReadOnly" signature="()" line-rate="1" branch-rate="1" complexity="NaN">
              <lines />
            </method>
            <method name="Item" signature="(System.Int32)" line-rate="1" branch-rate="1" complexity="NaN">
              <lines />
            </method>
            <method name="Item" signature="(System.Int32,HtmlAgilityPack.HtmlNode)" line-rate="1" branch-rate="1" complexity="NaN">
              <lines />
            </method>
            <method name=".ctor" signature="(HtmlAgilityPack.HtmlNode)" line-rate="1" branch-rate="1" complexity="NaN">
              <lines />
            </method>
            <method name="Add" signature="(HtmlAgilityPack.HtmlNode)" line-rate="1" branch-rate="1" complexity="NaN">
              <lines />
            </method>
            <method name="Add" signature="(HtmlAgilityPack.HtmlNode,System.Boolean)" line-rate="1" branch-rate="1" complexity="NaN">
              <lines />
            </method>
            <method name="Clear" signature="()" line-rate="1" branch-rate="1" complexity="2">
              <lines />
            </method>
            <method name="Contains" signature="(HtmlAgilityPack.HtmlNode)" line-rate="1" branch-rate="1" complexity="NaN">
              <lines />
            </method>
            <method name="CopyTo" signature="(HtmlAgilityPack.HtmlNode[],System.Int32)" line-rate="1" branch-rate="1" complexity="NaN">
              <lines />
            </method>
            <method name="System.Collections.Generic.IEnumerable&lt;HtmlAgilityPack.HtmlNode&gt;.GetEnumerator" signature="()" line-rate="1" branch-rate="1" complexity="1">
              <lines />
            </method>
            <method name="System.Collections.IEnumerable.GetEnumerator" signature="()" line-rate="1" branch-rate="1" complexity="1">
              <lines />
            </method>
            <method name="IndexOf" signature="(HtmlAgilityPack.HtmlNode)" line-rate="1" branch-rate="1" complexity="NaN">
              <lines />
            </method>
            <method name="Insert" signature="(System.Int32,HtmlAgilityPack.HtmlNode)" line-rate="1" branch-rate="1" complexity="NaN">
              <lines />
            </method>
            <method name="Remove" signature="(HtmlAgilityPack.HtmlNode)" line-rate="1" branch-rate="1" complexity="NaN">
              <lines />
            </method>
            <method name="RemoveAt" signature="(System.Int32)" line-rate="1" branch-rate="1" complexity="NaN">
              <lines />
            </method>
            <method name="FindFirst" signature="(HtmlAgilityPack.HtmlNodeCollection,System.String)" line-rate="1" branch-rate="1" complexity="NaN">
              <lines />
            </method>
            <method name="Append" signature="(HtmlAgilityPack.HtmlNode)" line-rate="1" branch-rate="1" complexity="NaN">
              <lines />
            </method>
            <method name="FindFirst" signature="(System.String)" line-rate="1" branch-rate="1" complexity="NaN">
              <lines />
            </method>
            <method name="GetNodeIndex" signature="(HtmlAgilityPack.HtmlNode)" line-rate="1" branch-rate="1" complexity="NaN">
              <lines />
            </method>
            <method name="Prepend" signature="(HtmlAgilityPack.HtmlNode)" line-rate="1" branch-rate="1" complexity="NaN">
              <lines />
            </method>
            <method name="Remove" signature="(System.Int32)" line-rate="1" branch-rate="1" complexity="NaN">
              <lines />
            </method>
            <method name="Replace" signature="(System.Int32,HtmlAgilityPack.HtmlNode)" line-rate="1" branch-rate="1" complexity="NaN">
              <lines />
            </method>
            <method name="Descendants" signature="()" line-rate="1" branch-rate="1" complexity="5">
              <lines />
            </method>
            <method name="Descendants" signature="()" line-rate="1" branch-rate="1" complexity="5">
              <lines />
            </method>
            <method name="Elements" signature="()" line-rate="1" branch-rate="1" complexity="5">
              <lines />
            </method>
            <method name="Elements" signature="()" line-rate="1" branch-rate="1" complexity="5">
              <lines />
            </method>
            <method name="Nodes" signature="()" line-rate="1" branch-rate="1" complexity="5">
              <lines />
            </method>
          </methods>
          <lines />
        </class>
        <class name="HtmlAgilityPack.HtmlNodeNavigator" filename="C:\Repos\HtmlAgilityPack\HtmlAgilityPack.Shared\HtmlNodeNavigator.cs" line-rate="1" branch-rate="1" complexity="19">
          <methods>
            <method name="BaseURI" signature="()" line-rate="1" branch-rate="1" complexity="NaN">
              <lines />
            </method>
            <method name="CurrentDocument" signature="()" line-rate="1" branch-rate="1" complexity="NaN">
              <lines />
            </method>
            <method name="CurrentNode" signature="()" line-rate="1" branch-rate="1" complexity="NaN">
              <lines />
            </method>
            <method name="HasAttributes" signature="()" line-rate="1" branch-rate="1" complexity="NaN">
              <lines />
            </method>
            <method name="HasChildren" signature="()" line-rate="1" branch-rate="1" complexity="NaN">
              <lines />
            </method>
            <method name="IsEmptyElement" signature="()" line-rate="1" branch-rate="1" complexity="NaN">
              <lines />
            </method>
            <method name="LocalName" signature="()" line-rate="1" branch-rate="1" complexity="NaN">
              <lines />
            </method>
            <method name="Name" signature="()" line-rate="1" branch-rate="1" complexity="NaN">
              <lines />
            </method>
            <method name="NamespaceURI" signature="()" line-rate="1" branch-rate="1" complexity="NaN">
              <lines />
            </method>
            <method name="NameTable" signature="()" line-rate="1" branch-rate="1" complexity="NaN">
              <lines />
            </method>
            <method name="NodeType" signature="()" line-rate="1" branch-rate="1" complexity="NaN">
              <lines />
            </method>
            <method name="Prefix" signature="()" line-rate="1" branch-rate="1" complexity="NaN">
              <lines />
            </method>
            <method name="Value" signature="()" line-rate="1" branch-rate="1" complexity="NaN">
              <lines />
            </method>
            <method name="XmlLang" signature="()" line-rate="1" branch-rate="1" complexity="NaN">
              <lines />
            </method>
            <method name=".ctor" signature="()" line-rate="1" branch-rate="1" complexity="1">
              <lines />
            </method>
            <method name=".ctor" signature="(HtmlAgilityPack.HtmlDocument,HtmlAgilityPack.HtmlNode)" line-rate="1" branch-rate="1" complexity="NaN">
              <lines />
            </method>
            <method name=".ctor" signature="(HtmlAgilityPack.HtmlNodeNavigator)" line-rate="1" branch-rate="1" complexity="NaN">
              <lines />
            </method>
            <method name=".ctor" signature="(System.IO.Stream)" line-rate="1" branch-rate="1" complexity="NaN">
              <lines />
            </method>
            <method name=".ctor" signature="(System.IO.Stream,System.Boolean)" line-rate="1" branch-rate="1" complexity="NaN">
              <lines />
            </method>
            <method name=".ctor" signature="(System.IO.Stream,System.Text.Encoding)" line-rate="1" branch-rate="1" complexity="NaN">
              <lines />
            </method>
            <method name=".ctor" signature="(System.IO.Stream,System.Text.Encoding,System.Boolean)" line-rate="1" branch-rate="1" complexity="NaN">
              <lines />
            </method>
            <method name=".ctor" signature="(System.IO.Stream,System.Text.Encoding,System.Boolean,System.Int32)" line-rate="1" branch-rate="1" complexity="NaN">
              <lines />
            </method>
            <method name=".ctor" signature="(System.IO.TextReader)" line-rate="1" branch-rate="1" complexity="NaN">
              <lines />
            </method>
            <method name=".ctor" signature="(System.String)" line-rate="1" branch-rate="1" complexity="NaN">
              <lines />
            </method>
            <method name=".ctor" signature="(System.String,System.Boolean)" line-rate="1" branch-rate="1" complexity="NaN">
              <lines />
            </method>
            <method name=".ctor" signature="(System.String,System.Text.Encoding)" line-rate="1" branch-rate="1" complexity="NaN">
              <lines />
            </method>
            <method name=".ctor" signature="(System.String,System.Text.Encoding,System.Boolean)" line-rate="1" branch-rate="1" complexity="NaN">
              <lines />
            </method>
            <method name=".ctor" signature="(System.String,System.Text.Encoding,System.Boolean,System.Int32)" line-rate="1" branch-rate="1" complexity="NaN">
              <lines />
            </method>
            <method name="Clone" signature="()" line-rate="1" branch-rate="1" complexity="1">
              <lines />
            </method>
            <method name="GetAttribute" signature="(System.String,System.String)" line-rate="1" branch-rate="1" complexity="NaN">
              <lines />
            </method>
            <method name="GetNamespace" signature="(System.String)" line-rate="1" branch-rate="1" complexity="NaN">
              <lines />
            </method>
            <method name="IsSamePosition" signature="(System.Xml.XPath.XPathNavigator)" line-rate="1" branch-rate="1" complexity="NaN">
              <lines />
            </method>
            <method name="MoveTo" signature="(System.Xml.XPath.XPathNavigator)" line-rate="1" branch-rate="1" complexity="NaN">
              <lines />
            </method>
            <method name="MoveToAttribute" signature="(System.String,System.String)" line-rate="1" branch-rate="1" complexity="NaN">
              <lines />
            </method>
            <method name="MoveToFirst" signature="()" line-rate="1" branch-rate="1" complexity="3">
              <lines />
            </method>
            <method name="MoveToFirstAttribute" signature="()" line-rate="1" branch-rate="1" complexity="2">
              <lines />
            </method>
            <method name="MoveToFirstChild" signature="()" line-rate="1" branch-rate="1" complexity="2">
              <lines />
            </method>
            <method name="MoveToFirstNamespace" signature="(System.Xml.XPath.XPathNamespaceScope)" line-rate="1" branch-rate="1" complexity="NaN">
              <lines />
            </method>
            <method name="MoveToId" signature="(System.String)" line-rate="1" branch-rate="1" complexity="NaN">
              <lines />
            </method>
            <method name="MoveToNamespace" signature="(System.String)" line-rate="1" branch-rate="1" complexity="NaN">
              <lines />
            </method>
            <method name="MoveToNext" signature="()" line-rate="1" branch-rate="1" complexity="2">
              <lines />
            </method>
            <method name="MoveToNextAttribute" signature="()" line-rate="1" branch-rate="1" complexity="2">
              <lines />
            </method>
            <method name="MoveToNextNamespace" signature="(System.Xml.XPath.XPathNamespaceScope)" line-rate="1" branch-rate="1" complexity="NaN">
              <lines />
            </method>
            <method name="MoveToParent" signature="()" line-rate="1" branch-rate="1" complexity="2">
              <lines />
            </method>
            <method name="MoveToPrevious" signature="()" line-rate="1" branch-rate="1" complexity="2">
              <lines />
            </method>
            <method name="MoveToRoot" signature="()" line-rate="1" branch-rate="1" complexity="1">
              <lines />
            </method>
            <method name="Reset" signature="()" line-rate="1" branch-rate="1" complexity="1">
              <lines />
            </method>
          </methods>
          <lines />
        </class>
        <class name="HtmlAgilityPack.HtmlParseError" filename="C:\Repos\HtmlAgilityPack\HtmlAgilityPack.Shared\HtmlParseError.cs" line-rate="1" branch-rate="1" complexity="NaN">
          <methods>
            <method name="Code" signature="()" line-rate="1" branch-rate="1" complexity="NaN">
              <lines />
            </method>
            <method name="Line" signature="()" line-rate="1" branch-rate="1" complexity="NaN">
              <lines />
            </method>
            <method name="LinePosition" signature="()" line-rate="1" branch-rate="1" complexity="NaN">
              <lines />
            </method>
            <method name="Reason" signature="()" line-rate="1" branch-rate="1" complexity="NaN">
              <lines />
            </method>
            <method name="SourceText" signature="()" line-rate="1" branch-rate="1" complexity="NaN">
              <lines />
            </method>
            <method name="StreamPosition" signature="()" line-rate="1" branch-rate="1" complexity="NaN">
              <lines />
            </method>
            <method name=".ctor" signature="(HtmlAgilityPack.HtmlParseErrorCode,System.Int32,System.Int32,System.Int32,System.String,System.String)" line-rate="1" branch-rate="1" complexity="NaN">
              <lines />
            </method>
          </methods>
          <lines />
        </class>
        <class name="HtmlAgilityPack.HtmlTextNode" filename="C:\Repos\HtmlAgilityPack\HtmlAgilityPack.Shared\HtmlTextNode.cs" line-rate="1" branch-rate="1" complexity="NaN">
          <methods>
            <method name="InnerHtml" signature="()" line-rate="1" branch-rate="1" complexity="NaN">
              <lines />
            </method>
            <method name="InnerHtml" signature="(System.String)" line-rate="1" branch-rate="1" complexity="NaN">
              <lines />
            </method>
            <method name="OuterHtml" signature="()" line-rate="1" branch-rate="1" complexity="NaN">
              <lines />
            </method>
            <method name="Text" signature="()" line-rate="1" branch-rate="1" complexity="NaN">
              <lines />
            </method>
            <method name="Text" signature="(System.String)" line-rate="1" branch-rate="1" complexity="NaN">
              <lines />
            </method>
            <method name=".ctor" signature="(HtmlAgilityPack.HtmlDocument,System.Int32)" line-rate="1" branch-rate="1" complexity="NaN">
              <lines />
            </method>
          </methods>
          <lines />
        </class>
        <class name="HtmlAgilityPack.HtmlWeb" filename="C:\Repos\HtmlAgilityPack\HtmlAgilityPack.Shared\HtmlWeb.cs" line-rate="1" branch-rate="1" complexity="15">
          <methods>
            <method name="AutoDetectEncoding" signature="()" line-rate="1" branch-rate="1" complexity="NaN">
              <lines />
            </method>
            <method name="AutoDetectEncoding" signature="(System.Boolean)" line-rate="1" branch-rate="1" complexity="NaN">
              <lines />
            </method>
            <method name="OverrideEncoding" signature="()" line-rate="1" branch-rate="1" complexity="NaN">
              <lines />
            </method>
            <method name="OverrideEncoding" signature="(System.Text.Encoding)" line-rate="1" branch-rate="1" complexity="NaN">
              <lines />
            </method>
            <method name="CacheOnly" signature="()" line-rate="1" branch-rate="1" complexity="NaN">
              <lines />
            </method>
            <method name="CacheOnly" signature="(System.Boolean)" line-rate="1" branch-rate="1" complexity="NaN">
              <lines />
            </method>
            <method name="UsingCacheIfExists" signature="()" line-rate="1" branch-rate="1" complexity="NaN">
              <lines />
            </method>
            <method name="UsingCacheIfExists" signature="(System.Boolean)" line-rate="1" branch-rate="1" complexity="NaN">
              <lines />
            </method>
            <method name="CachePath" signature="()" line-rate="1" branch-rate="1" complexity="NaN">
              <lines />
            </method>
            <method name="CachePath" signature="(System.String)" line-rate="1" branch-rate="1" complexity="NaN">
              <lines />
            </method>
            <method name="FromCache" signature="()" line-rate="1" branch-rate="1" complexity="NaN">
              <lines />
            </method>
            <method name="RequestDuration" signature="()" line-rate="1" branch-rate="1" complexity="NaN">
              <lines />
            </method>
            <method name="ResponseUri" signature="()" line-rate="1" branch-rate="1" complexity="NaN">
              <lines />
            </method>
            <method name="StatusCode" signature="()" line-rate="1" branch-rate="1" complexity="NaN">
              <lines />
            </method>
            <method name="StreamBufferSize" signature="()" line-rate="1" branch-rate="1" complexity="NaN">
              <lines />
            </method>
            <method name="StreamBufferSize" signature="(System.Int32)" line-rate="1" branch-rate="1" complexity="NaN">
              <lines />
            </method>
            <method name="UseCookies" signature="()" line-rate="1" branch-rate="1" complexity="NaN">
              <lines />
            </method>
            <method name="UseCookies" signature="(System.Boolean)" line-rate="1" branch-rate="1" complexity="NaN">
              <lines />
            </method>
            <method name="CaptureRedirect" signature="()" line-rate="1" branch-rate="1" complexity="NaN">
              <lines />
            </method>
[...]
                <line number="64" hits="9" branch="false" />
                <line number="65" hits="3" branch="false" />
                <line number="66" hits="1" branch="false" />
              </lines>
            </method>
            <method name="AddListToBindingListTest" signature="()" line-rate="1" branch-rate="1" complexity="1">
              <lines>
                <line number="71" hits="1" branch="false" />
                <line number="72" hits="1" branch="false" />
                <line number="73" hits="1" branch="false" />
                <line number="74" hits="1" branch="false" />
                <line number="75" hits="1" branch="false" />
                <line number="76" hits="1" branch="false" />
                <line number="77" hits="1" branch="false" />
                <line number="78" hits="1" branch="false" />
                <line number="79" hits="1" branch="false" />
              </lines>
            </method>
            <method name="GetDataTest" signature="()" line-rate="1" branch-rate="1" complexity="1">
              <lines>
                <line number="84" hits="1" branch="false" />
                <line number="85" hits="1" branch="false" />
                <line number="86" hits="1" branch="false" />
                <line number="87" hits="1" branch="false" />
                <line number="88" hits="1" branch="false" />
                <line number="89" hits="1" branch="false" />
                <line number="90" hits="1" branch="false" />
                <line number="91" hits="1" branch="false" />
                <line number="92" hits="1" branch="false" />
                <line number="93" hits="1" branch="false" />
                <line number="94" hits="1" branch="false" />
                <line number="95" hits="1" branch="false" />
                <line number="96" hits="1" branch="false" />
                <line number="97" hits="1" branch="false" />
                <line number="98" hits="1" branch="false" />
                <line number="99" hits="1" branch="false" />
                <line number="100" hits="1" branch="false" />
                <line number="101" hits="1" branch="false" />
                <line number="102" hits="1" branch="false" />
                <line number="103" hits="1" branch="false" />
              </lines>
            </method>
            <method name="NotifyCourseObserverTest" signature="()" line-rate="0.6666666666666666" branch-rate="1" complexity="1">
              <lines>
                <line number="108" hits="1" branch="false" />
                <line number="110" hits="1" branch="false" />
                <line number="111" hits="1" branch="false" />
                <line number="112" hits="1" branch="false" />
                <line number="113" hits="0" branch="false" />
                <line number="114" hits="0" branch="false" />
                <line number="115" hits="0" branch="false" />
                <line number="116" hits="0" branch="false" />
                <line number="117" hits="1" branch="false" />
                <line number="119" hits="1" branch="false" />
                <line number="120" hits="1" branch="false" />
                <line number="121" hits="0" branch="false" />
                <line number="122" hits="0" branch="false" />
                <line number="123" hits="1" branch="false" />
                <line number="124" hits="1" branch="false" />
                <line number="125" hits="1" branch="false" />
                <line number="126" hits="1" branch="false" />
                <line number="127" hits="1" branch="false" />
              </lines>
            </method>
            <method name="TestObserver" signature="()" line-rate="1" branch-rate="1" complexity="1">
              <lines>
                <line number="131" hits="1" branch="false" />
                <line number="132" hits="1" branch="false" />
              </lines>
            </method>
            <method name="AddCourseTest" signature="()" line-rate="1" branch-rate="1" complexity="1">
              <lines>
                <line number="138" hits="1" branch="false" />
                <line number="139" hits="1" branch="false" />
                <line number="140" hits="1" branch="false" />
                <line number="141" hits="1" branch="false" />
                <line number="142" hits="1" branch="false" />
                <line number="143" hits="1" branch="false" />
                <line number="144" hits="1" branch="false" />
                <line number="145" hits="1" branch="false" />
                <line number="146" hits="1" branch="false" />
                <line number="147" hits="1" branch="false" />
                <line number="148" hits="1" branch="false" />
                <line number="149" hits="1" branch="false" />
              </lines>
            </method>
            <method name="RemoveCourseAtTest" signature="()" line-rate="1" branch-rate="1" complexity="1">
              <lines>
                <line number="154" hits="1" branch="false" />
                <line number="155" hits="1" branch="false" />
                <line number="156" hits="1" branch="false" />
                <line number="157" hits="1" branch="false" />
                <line number="158" hits="1" branch="false" />
                <line number="159" hits="1" branch="false" />
                <line number="160" hits="1" branch="false" />
                <line number="161" hits="1" branch="false" />
                <line number="162" hits="1" branch="false" />
                <line number="163" hits="1" branch="false" />
                <line number="164" hits="1" branch="false" />
                <line number="165" hits="1" branch="false" />
                <line number="166" hits="1" branch="false" />
                <line number="167" hits="1" branch="false" />
                <line number="168" hits="1" branch="false" />
                <line number="169" hits="1" branch="false" />
                <line number="170" hits="1" branch="false" />
                <line number="171" hits="1" branch="false" />
                <line number="172" hits="1" branch="false" />
                <line number="174" hits="1" branch="false" />
              </lines>
            </method>
            <method name="DeleteSameCourseTest" signature="()" line-rate="1" branch-rate="1" complexity="1">
              <lines>
                <line number="179" hits="1" branch="false" />
                <line number="180" hits="1" branch="false" />
                <line number="181" hits="1" branch="false" />
                <line number="182" hits="1" branch="false" />
                <line number="183" hits="1" branch="false" />
                <line number="184" hits="1" branch="false" />
                <line number="185" hits="1" branch="false" />
                <line number="186" hits="1" branch="false" />
                <line number="187" hits="1" branch="false" />
                <line number="188" hits="1" branch="false" />
                <line number="189" hits="1" branch="false" />
              </lines>
            </method>
            <method name="GetYourCourseTest" signature="()" line-rate="1" branch-rate="1" complexity="1">
              <lines>
                <line number="194" hits="1" branch="false" />
                <line number="195" hits="1" branch="false" />
                <line number="196" hits="1" branch="false" />
                <line number="197" hits="1" branch="false" />
                <line number="198" hits="1" branch="false" />
                <line number="199" hits="1" branch="false" />
                <line number="200" hits="1" branch="false" />
              </lines>
            </method>
            <method name="CourseListToStringListTest" signature="()" line-rate="1" branch-rate="1" complexity="1">
              <lines>
                <line number="205" hits="1" branch="false" />
                <line number="206" hits="1" branch="false" />
                <line number="207" hits="1" branch="false" />
                <line number="208" hits="1" branch="false" />
                <line number="209" hits="1" branch="false" />
                <line number="210" hits="1" branch="false" />
                <line number="211" hits="1" branch="false" />
              </lines>
            </method>
            <method name="GetUnchooseCourseTest" signature="()" line-rate="1" branch-rate="1" complexity="1">
              <lines>
                <line number="216" hits="1" branch="false" />
                <line number="217" hits="1" branch="false" />
                <line number="218" hits="1" branch="false" />
                <line number="219" hits="1" branch="false" />
                <line number="220" hits="1" branch="false" />
                <line number="221" hits="1" branch="false" />
                <line number="222" hits="1" branch="false" />
                <line number="223" hits="1" branch="false" />
                <line number="224" hits="1" branch="false" />
                <line number="225" hits="1" branch="false" />
                <line number="226" hits="1" branch="false" />
                <line number="227" hits="1" branch="false" />
                <line number="228" hits="1" branch="false" />
                <line number="229" hits="1" branch="false" />
                <line number="230" hits="1" branch="false" />
              </lines>
            </method>
            <method name="IsSameCourse" signature="(System.String[],System.String[])" line-rate="1" branch-rate="1" complexity="NaN">
              <lines>
                <line number="234" hits="14" branch="false" />
                <line number="235" hits="14" branch="true" condition-coverage="100% (2/2)" />
                <line number="236" hits="1" branch="false" />
                <line number="237" hits="532" branch="true" condition-coverage="100% (2/2)" />
                <line number="238" hits="256" branch="false" />
                <line number="239" hits="256" branch="true" condition-coverage="100% (2/2)" />
                <line number="240" hits="3" branch="false" />
                <line number="241" hits="253" branch="false" />
                <line number="242" hits="10" branch="false" />
                <line number="243" hits="14" branch="false" />
              </lines>
            </method>
          </methods>
          <lines>
            <line number="25" hits="12" branch="false" />
            <line number="26" hits="12" branch="false" />
            <line number="27" hits="12" branch="false" />
            <line number="28" hits="12" branch="false" />
            <line number="29" hits="12" branch="false" />
            <line number="30" hits="12" branch="false" />
            <line number="31" hits="12" branch="false" />
            <line number="32" hits="12" branch="false" />
            <line number="33" hits="12" branch="false" />
            <line number="34" hits="12" branch="false" />
            <line number="35" hits="12" branch="false" />
            <line number="36" hits="12" branch="false" />
            <line number="37" hits="12" branch="false" />
            <line number="38" hits="12" branch="false" />
            <line number="42" hits="1" branch="false" />
            <line number="43" hits="1" branch="false" />
            <line number="44" hits="1" branch="false" />
            <line number="45" hits="1" branch="false" />
            <line number="46" hits="1" branch="false" />
            <line number="51" hits="1" branch="false" />
            <line number="52" hits="1" branch="false" />
            <line number="53" hits="1" branch="false" />
            <line number="54" hits="1" branch="false" />
            <line number="55" hits="1" branch="false" />
            <line number="60" hits="1" branch="false" />
            <line number="61" hits="1" branch="false" />
            <line number="62" hits="1" branch="false" />
            <line number="63" hits="1" branch="false" />
            <line number="64" hits="9" branch="false" />
            <line number="65" hits="3" branch="false" />
            <line number="66" hits="1" branch="false" />
            <line number="71" hits="1" branch="false" />
            <line number="72" hits="1" branch="false" />
            <line number="73" hits="1" branch="false" />
            <line number="74" hits="1" branch="false" />
            <line number="75" hits="1" branch="false" />
            <line number="76" hits="1" branch="false" />
            <line number="77" hits="1" branch="false" />
            <line number="78" hits="1" branch="false" />
            <line number="79" hits="1" branch="false" />
            <line number="84" hits="1" branch="false" />
            <line number="85" hits="1" branch="false" />
            <line number="86" hits="1" branch="false" />
            <line number="87" hits="1" branch="false" />
            <line number="88" hits="1" branch="false" />
            <line number="89" hits="1" branch="false" />
            <line number="90" hits="1" branch="false" />
            <line number="91" hits="1" branch="false" />
            <line number="92" hits="1" branch="false" />
            <line number="93" hits="1" branch="false" />
            <line number="94" hits="1" branch="false" />
            <line number="95" hits="1" branch="false" />
            <line number="96" hits="1" branch="false" />
            <line number="97" hits="1" branch="false" />
            <line number="98" hits="1" branch="false" />
            <line number="99" hits="1" branch="false" />
            <line number="100" hits="1" branch="false" />
            <line number="101" hits="1" branch="false" />
            <line number="102" hits="1" branch="false" />
            <line number="103" hits="1" branch="false" />
            <line number="108" hits="1" branch="false" />
            <line number="110" hits="1" branch="false" />
            <line number="111" hits="1" branch="false" />
            <line number="112" hits="1" branch="false" />
            <line number="113" hits="0" branch="false" />
            <line number="114" hits="0" branch="false" />
            <line number="115" hits="0" branch="false" />
            <line number="116" hits="0" branch="false" />
            <line number="117" hits="1" branch="false" />
            <line number="119" hits="1" branch="false" />
            <line number="120" hits="1" branch="false" />
            <line number="121" hits="0" branch="false" />
            <line number="122" hits="0" branch="false" />
            <line number="123" hits="1" branch="false" />
            <line number="124" hits="1" branch="false" />
            <line number="125" hits="1" branch="false" />
            <line number="126" hits="1" branch="false" />
            <line number="127" hits="1" branch="false" />
            <line number="131" hits="1" branch="false" />
            <line number="132" hits="1" branch="false" />
            <line number="138" hits="1" branch="false" />
            <line number="139" hits="1" branch="false" />
            <line number="140" hits="1" branch="false" />
            <line number="141" hits="1" branch="false" />
            <line number="142" hits="1" branch="false" />
            <line number="143" hits="1" branch="false" />
            <line number="144" hits="1" branch="false" />
            <line number="145" hits="1" branch="false" />
            <line number="146" hits="1" branch="false" />
            <line number="147" hits="1" branch="false" />
            <line number="148" hits="1" branch="false" />
            <line number="149" hits="1" branch="false" />
            <line number="154" hits="1" branch="false" />
            <line number="155" hits="1" branch="false" />
            <line number="156" hits="1" branch="false" />
            <line number="157" hits="1" branch="false" />
            <line number="158" hits="1" branch="false" />
            <line number="159" hits="1" branch="false" />
            <line number="160" hits="1" branch="false" />
            <line number="161" hits="1" branch="false" />
            <line number="162" hits="1" branch="false" />
            <line number="163" hits="1" branch="false" />
            <line number="164" hits="1" branch="false" />
            <line number="165" hits="1" branch="false" />
            <line number="166" hits="1" branch="false" />
            <line number="167" hits="1" branch="false" />
            <line number="168" hits="1" branch="false" />
            <line number="169" hits="1" branch="false" />
            <line number="170" hits="1" branch="false" />
            <line number="171" hits="1" branch="false" />
            <line number="172" hits="1" branch="false" />
            <line number="174" hits="1" branch="false" />
            <line number="179" hits="1" branch="false" />
            <line number="180" hits="1" branch="false" />
            <line number="181" hits="1" branch="false" />
            <line number="182" hits="1" branch="false" />
            <line number="183" hits="1" branch="false" />
            <line number="184" hits="1" branch="false" />
            <line number="185" hits="1" branch="false" />
            <line number="186" hits="1" branch="false" />
            <line number="187" hits="1" branch="false" />
            <line number="188" hits="1" branch="false" />
            <line number="189" hits="1" branch="false" />
            <line number="194" hits="1" branch="false" />
            <line number="195" hits="1" branch="false" />
            <line number="196" hits="1" branch="false" />
            <line number="197" hits="1" branch="false" />
            <line number="198" hits="1" branch="false" />
            <line number="199" hits="1" branch="false" />
            <line number="200" hits="1" branch="false" />
            <line number="205" hits="1" branch="false" />
            <line number="206" hits="1" branch="false" />
            <line number="207" hits="1" branch="false" />
            <line number="208" hits="1" branch="false" />
            <line number="209" hits="1" branch="false" />
            <line number="210" hits="1" branch="false" />
            <line number="211" hits="1" branch="false" />
            <line number="216" hits="1" branch="false" />
            <line number="217" hits="1" branch="false" />
            <line number="218" hits="1" branch="false" />
            <line number="219" hits="1" branch="false" />
            <line number="220" hits="1" branch="false" />
            <line number="221" hits="1" branch="false" />
            <line number="222" hits="1" branch="false" />
            <line number="223" hits="1" branch="false" />
            <line number="224" hits="1" branch="false" />
            <line number="225" hits="1" branch="false" />
            <line number="226" hits="1" branch="false" />
            <line number="227" hits="1" branch="false" />
            <line number="228" hits="1" branch="false" />
            <line number="229" hits="1" branch="false" />
            <line number="230" hits="1" branch="false" />
            <line number="234" hits="14" branch="false" />
            <line number="235" hits="14" branch="true" condition-coverage="100% (2/2)" />
            <line number="236" hits="1" branch="false" />
            <line number="237" hits="532" branch="true" condition-coverage="100% (2/2)" />
            <line number="238" hits="256" branch="false" />
            <line number="239" hits="256" branch="true" condition-coverage="100% (2/2)" />
            <line number="240" hits="3" branch="false" />
            <line number="241" hits="253" branch="false" />
            <line number="242" hits="10" branch="false" />
            <line number="243" hits="14" branch="false" />
          </lines>
        </class>
      </classes>
    </package>
  </packages>
</coverage>