<?xml version="1.0" encoding="utf-8"?>
<CoverageSession xmlns:xsd="http://www.w3.org/2001/XMLSchema" xmlns:xsi="http://www.w3.org/2001/XMLSchema-instance" Version="4.7.922.0">
  <Summary numSequencePoints="2022" visitedSequencePoints="0" numBranchPoints="425" visitedBranchPoints="0" sequenceCoverage="0" branchCoverage="0" maxCyclomaticComplexity="10" minCyclomaticComplexity="1" maxCrapScore="110" minCrapScore="2" visitedClasses="0" numClasses="14" visitedMethods="0" numMethods="212" />
  <Modules>
    <Module hash="4F-24-B2-9D-E4-FC-40-FD-6A-05-27-88-B0-CD-98-A2-F9-BB-F7-4C">
      <Summary numSequencePoints="2022" visitedSequencePoints="0" numBranchPoints="425" visitedBranchPoints="0" sequenceCoverage="0" branchCoverage="0" maxCyclomaticComplexity="10" minCyclomaticComplexity="1" maxCrapScore="110" minCrapScore="2" visitedClasses="0" numClasses="14" visitedMethods="0" numMethods="212" />
      <ModulePath>D:\school\視窗程式設計(C# .Net\Hw1_選課系統\Hw1_選課系統\bin\Debug\fine-code-coverage\build-output\Hw1_選課系統.exe</ModulePath>
      <ModuleTime>2021-11-14T01:23:55.2684418Z</ModuleTime>
      <ModuleName>Hw1_選課系統</ModuleName>
      <Files>
        <File uid="1" fullPath="D:\school\視窗程式設計(C# .Net\Hw1_選課系統\Hw1_選課系統\ClassTimePeriod.cs" />
        <File uid="2" fullPath="D:\school\視窗程式設計(C# .Net\Hw1_選課系統\Hw1_選課系統\Course.cs" />
        <File uid="3" fullPath="D:\school\視窗程式設計(C# .Net\Hw1_選課系統\Hw1_選課系統\Course2.cs" />
        <File uid="4" fullPath="D:\school\視窗程式設計(C# .Net\Hw1_選課系統\Hw1_選課系統\PresentationModel\CourseManageFormPresentationModel.cs" />
        <File uid="5" fullPath="D:\school\視窗程式設計(C# .Net\Hw1_選課系統\Hw1_選課系統\View\CourseForm.Designer.cs" />
        <File uid="6" fullPath="D:\school\視窗程式設計(C# .Net\Hw1_選課系統\Hw1_選課系統\View\CourseForm.cs" />
        <File uid="7" fullPath="D:\school\視窗程式設計(C# .Net\Hw1_選課系統\Hw1_選課系統\PresentationModel\CourseFormPresentationModel.cs" />
        <File uid="8" fullPath="D:\school\視窗程式設計(C# .Net\Hw1_選課系統\Hw1_選課系統\View\CourseSelectionResultForm1.Designer.cs" />
        <File uid="9" fullPath="D:\school\視窗程式設計(C# .Net\Hw1_選課系統\Hw1_選課系統\View\CourseSelectionResultForm1.cs" />
        <File uid="10" fullPath="D:\school\視窗程式設計(C# .Net\Hw1_選課系統\Hw1_選課系統\PresentationModel\CourseSelectionResultPresentationModel.cs" />
        <File uid="11" fullPath="D:\school\視窗程式設計(C# .Net\Hw1_選課系統\Hw1_選課系統\Model\CourseWebCrawlerModel.cs" />
        <File uid="13" fullPath="D:\school\視窗程式設計(C# .Net\Hw1_選課系統\Hw1_選課系統\Model\Data.cs" />
        <File uid="14" fullPath="D:\school\視窗程式設計(C# .Net\Hw1_選課系統\Hw1_選課系統\Program.cs" />
        <File uid="15" fullPath="D:\school\視窗程式設計(C# .Net\Hw1_選課系統\Hw1_選課系統\View\StartUpForm.cs" />
        <File uid="16" fullPath="D:\school\視窗程式設計(C# .Net\Hw1_選課系統\Hw1_選課系統\View\StartUpForm.Designer.cs" />
        <File uid="17" fullPath="D:\school\視窗程式設計(C# .Net\Hw1_選課系統\Hw1_選課系統\PresentationModel\StartUpFormPresentationModel.cs" />
        <File uid="18" fullPath="D:\school\視窗程式設計(C# .Net\Hw1_選課系統\Hw1_選課系統\View\CourseManageForm.Designer.cs" />
        <File uid="19" fullPath="D:\school\視窗程式設計(C# .Net\Hw1_選課系統\Hw1_選課系統\View\CourseManageForm.cs" />
      </Files>
      <Classes>
        <Class>
          <Summary numSequencePoints="98" visitedSequencePoints="0" numBranchPoints="28" visitedBranchPoints="0" sequenceCoverage="0" branchCoverage="0" maxCyclomaticComplexity="3" minCyclomaticComplexity="1" maxCrapScore="12" minCrapScore="2" visitedClasses="0" numClasses="1" visitedMethods="0" numMethods="22" />
          <FullName>Homework_選課系統.ClassTimePeriod</FullName>
          <Methods>
            <Method visited="false" cyclomaticComplexity="1" nPathComplexity="0" sequenceCoverage="0" branchCoverage="0" crapScore="2" isConstructor="false" isStatic="false" isGetter="true" isSetter="false">
              <Summary numSequencePoints="3" visitedSequencePoints="0" numBranchPoints="1" visitedBranchPoints="0" sequenceCoverage="0" branchCoverage="0" maxCyclomaticComplexity="1" minCyclomaticComplexity="1" maxCrapScore="2" minCrapScore="2" visitedClasses="0" numClasses="0" visitedMethods="0" numMethods="1" />
              <MetadataToken>100663310</MetadataToken>
              <Name>System.String Homework_選課系統.ClassTimePeriod::get_Period()</Name>
              <FileRef uid="1" />
              <SequencePoints>
                <SequencePoint vc="0" uspid="1" ordinal="0" offset="0" sl="59" sc="13" el="59" ec="14" bec="0" bev="0" fileid="1" />
                <SequencePoint vc="0" uspid="2" ordinal="1" offset="1" sl="60" sc="17" el="60" ec="32" bec="0" bev="0" fileid="1" />
                <SequencePoint vc="0" uspid="3" ordinal="2" offset="10" sl="61" sc="13" el="61" ec="14" bec="0" bev="0" fileid="1" />
              </SequencePoints>
              <BranchPoints />
              <MethodPoint xsi:type="SequencePoint" vc="0" uspid="1" ordinal="0" offset="0" sl="59" sc="13" el="59" ec="14" bec="0" bev="0" fileid="1" />
            </Method>
            <Method visited="false" cyclomaticComplexity="1" nPathComplexity="0" sequenceCoverage="0" branchCoverage="0" crapScore="2" isConstructor="false" isStatic="false" isGetter="false" isSetter="true">
              <Summary numSequencePoints="4" visitedSequencePoints="0" numBranchPoints="1" visitedBranchPoints="0" sequenceCoverage="0" branchCoverage="0" maxCyclomaticComplexity="1" minCyclomaticComplexity="1" maxCrapScore="2" minCrapScore="2" visitedClasses="0" numClasses="0" visitedMethods="0" numMethods="1" />
              <MetadataToken>100663311</MetadataToken>
              <Name>System.Void Homework_選課系統.ClassTimePeriod::set_Period(System.String)</Name>
              <FileRef uid="1" />
              <SequencePoints>
                <SequencePoint vc="0" uspid="4" ordinal="0" offset="0" sl="63" sc="13" el="63" ec="14" bec="0" bev="0" fileid="1" />
                <SequencePoint vc="0" uspid="5" ordinal="1" offset="1" sl="64" sc="17" el="64" ec="33" bec="0" bev="0" fileid="1" />
                <SequencePoint vc="0" uspid="6" ordinal="2" offset="8" sl="65" sc="17" el="65" ec="48" bec="0" bev="0" fileid="1" />
                <SequencePoint vc="0" uspid="7" ordinal="3" offset="20" sl="66" sc="13" el="66" ec="14" bec="0" bev="0" fileid="1" />
              </SequencePoints>
              <BranchPoints />
              <MethodPoint xsi:type="SequencePoint" vc="0" uspid="4" ordinal="0" offset="0" sl="63" sc="13" el="63" ec="14" bec="0" bev="0" fileid="1" />
            </Method>
            <Method visited="false" cyclomaticComplexity="1" nPathComplexity="0" sequenceCoverage="0" branchCoverage="0" crapScore="2" isConstructor="false" isStatic="false" isGetter="true" isSetter="false">
              <Summary numSequencePoints="3" visitedSequencePoints="0" numBranchPoints="1" visitedBranchPoints="0" sequenceCoverage="0" branchCoverage="0" maxCyclomaticComplexity="1" minCyclomaticComplexity="1" maxCrapScore="2" minCrapScore="2" visitedClasses="0" numClasses="0" visitedMethods="0" numMethods="1" />
              <MetadataToken>100663312</MetadataToken>
              <Name>System.Boolean[] Homework_選課系統.ClassTimePeriod::get_ClassTime()</Name>
              <FileRef uid="1" />
              <SequencePoints>
                <SequencePoint vc="0" uspid="8" ordinal="0" offset="0" sl="72" sc="13" el="72" ec="14" bec="0" bev="0" fileid="1" />
                <SequencePoint vc="0" uspid="9" ordinal="1" offset="1" sl="73" sc="17" el="73" ec="35" bec="0" bev="0" fileid="1" />
                <SequencePoint vc="0" uspid="10" ordinal="2" offset="10" sl="74" sc="13" el="74" ec="14" bec="0" bev="0" fileid="1" />
              </SequencePoints>
              <BranchPoints />
              <MethodPoint xsi:type="SequencePoint" vc="0" uspid="8" ordinal="0" offset="0" sl="72" sc="13" el="72" ec="14" bec="0" bev="0" fileid="1" />
            </Method>
            <Method visited="false" cyclomaticComplexity="1" nPathComplexity="0" sequenceCoverage="0" branchCoverage="0" crapScore="2" isConstructor="false" isStatic="false" isGetter="false" isSetter="true">
              <Summary numSequencePoints="4" visitedSequencePoints="0" numBranchPoints="1" visitedBranchPoints="0" sequenceCoverage="0" branchCoverage="0" maxCyclomaticComplexity="1" minCyclomaticComplexity="1" maxCrapScore="2" minCrapScore="2" visitedClasses="0" numClasses="0" visitedMethods="0" numMethods="1" />
              <MetadataToken>100663313</MetadataToken>
              <Name>System.Void Homework_選課系統.ClassTimePeriod::set_ClassTime(System.Boolean[])</Name>
              <FileRef uid="1" />
              <SequencePoints>
                <SequencePoint vc="0" uspid="11" ordinal="0" offset="0" sl="76" sc="13" el="76" ec="14" bec="0" bev="0" fileid="1" />
                <SequencePoint vc="0" uspid="12" ordinal="1" offset="1" sl="77" sc="17" el="77" ec="36" bec="0" bev="0" fileid="1" />
                <SequencePoint vc="0" uspid="13" ordinal="2" offset="8" sl="78" sc="17" el="78" ec="51" bec="0" bev="0" fileid="1" />
                <SequencePoint vc="0" uspid="14" ordinal="3" offset="20" sl="79" sc="13" el="79" ec="14" bec="0" bev="0" fileid="1" />
              </SequencePoints>
              <BranchPoints />
              <MethodPoint xsi:type="SequencePoint" vc="0" uspid="11" ordinal="0" offset="0" sl="76" sc="13" el="76" ec="14" bec="0" bev="0" fileid="1" />
            </Method>
            <Method visited="false" cyclomaticComplexity="1" nPathComplexity="0" sequenceCoverage="0" branchCoverage="0" crapScore="2" isConstructor="false" isStatic="false" isGetter="true" isSetter="false">
              <Summary numSequencePoints="3" visitedSequencePoints="0" numBranchPoints="1" visitedBranchPoints="0" sequenceCoverage="0" branchCoverage="0" maxCyclomaticComplexity="1" minCyclomaticComplexity="1" maxCrapScore="2" minCrapScore="2" visitedClasses="0" numClasses="0" visitedMethods="0" numMethods="1" />
              <MetadataToken>100663314</MetadataToken>
              <Name>System.Boolean Homework_選課系統.ClassTimePeriod::get_Sunday()</Name>
              <FileRef uid="1" />
              <SequencePoints>
                <SequencePoint vc="0" uspid="15" ordinal="0" offset="0" sl="85" sc="13" el="85" ec="14" bec="0" bev="0" fileid="1" />
                <SequencePoint vc="0" uspid="16" ordinal="1" offset="1" sl="86" sc="17" el="86" ec="38" bec="0" bev="0" fileid="1" />
                <SequencePoint vc="0" uspid="17" ordinal="2" offset="12" sl="87" sc="13" el="87" ec="14" bec="0" bev="0" fileid="1" />
              </SequencePoints>
              <BranchPoints />
              <MethodPoint xsi:type="SequencePoint" vc="0" uspid="15" ordinal="0" offset="0" sl="85" sc="13" el="85" ec="14" bec="0" bev="0" fileid="1" />
            </Method>
            <Method visited="false" cyclomaticComplexity="1" nPathComplexity="0" sequenceCoverage="0" branchCoverage="0" crapScore="2" isConstructor="false" isStatic="false" isGetter="false" isSetter="true">
              <Summary numSequencePoints="4" visitedSequencePoints="0" numBranchPoints="1" visitedBranchPoints="0" sequenceCoverage="0" branchCoverage="0" maxCyclomaticComplexity="1" minCyclomaticComplexity="1" maxCrapScore="2" minCrapScore="2" visitedClasses="0" numClasses="0" visitedMethods="0" numMethods="1" />
              <MetadataToken>100663315</MetadataToken>
              <Name>System.Void Homework_選課系統.ClassTimePeriod::set_Sunday(System.Boolean)</Name>
              <FileRef uid="1" />
              <SequencePoints>
                <SequencePoint vc="0" uspid="18" ordinal="0" offset="0" sl="89" sc="13" el="89" ec="14" bec="0" bev="0" fileid="1" />
                <SequencePoint vc="0" uspid="19" ordinal="1" offset="1" sl="90" sc="17" el="90" ec="39" bec="0" bev="0" fileid="1" />
                <SequencePoint vc="0" uspid="20" ordinal="2" offset="10" sl="91" sc="17" el="91" ec="48" bec="0" bev="0" fileid="1" />
                <SequencePoint vc="0" uspid="21" ordinal="3" offset="22" sl="92" sc="13" el="92" ec="14" bec="0" bev="0" fileid="1" />
              </SequencePoints>
              <BranchPoints />
              <MethodPoint xsi:type="SequencePoint" vc="0" uspid="18" ordinal="0" offset="0" sl="89" sc="13" el="89" ec="14" bec="0" bev="0" fileid="1" />
            </Method>
            <Method visited="false" cyclomaticComplexity="1" nPathComplexity="0" sequenceCoverage="0" branchCoverage="0" crapScore="2" isConstructor="false" isStatic="false" isGetter="true" isSetter="false">
              <Summary numSequencePoints="3" visitedSequencePoints="0" numBranchPoints="1" visitedBranchPoints="0" sequenceCoverage="0" branchCoverage="0" maxCyclomaticComplexity="1" minCyclomaticComplexity="1" maxCrapScore="2" minCrapScore="2" visitedClasses="0" numClasses="0" visitedMethods="0" numMethods="1" />
              <MetadataToken>100663316</MetadataToken>
              <Name>System.Boolean Homework_選課系統.ClassTimePeriod::get_Monday()</Name>
              <FileRef uid="1" />
              <SequencePoints>
                <SequencePoint vc="0" uspid="22" ordinal="0" offset="0" sl="97" sc="13" el="97" ec="14" bec="0" bev="0" fileid="1" />
                <SequencePoint vc="0" uspid="23" ordinal="1" offset="1" sl="98" sc="17" el="98" ec="38" bec="0" bev="0" fileid="1" />
                <SequencePoint vc="0" uspid="24" ordinal="2" offset="12" sl="99" sc="13" el="99" ec="14" bec="0" bev="0" fileid="1" />
              </SequencePoints>
              <BranchPoints />
              <MethodPoint xsi:type="SequencePoint" vc="0" uspid="22" ordinal="0" offset="0" sl="97" sc="13" el="97" ec="14" bec="0" bev="0" fileid="1" />
            </Method>
            <Method visited="false" cyclomaticComplexity="1" nPathComplexity="0" sequenceCoverage="0" branchCoverage="0" crapScore="2" isConstructor="false" isStatic="false" isGetter="false" isSetter="true">
              <Summary numSequencePoints="4" visitedSequencePoints="0" numBranchPoints="1" visitedBranchPoints="0" sequenceCoverage="0" branchCoverage="0" maxCyclomaticComplexity="1" minCyclomaticComplexity="1" maxCrapScore="2" minCrapScore="2" visitedClasses="0" numClasses="0" visitedMethods="0" numMethods="1" />
              <MetadataToken>100663317</MetadataToken>
              <Name>System.Void Homework_選課系統.ClassTimePeriod::set_Monday(System.Boolean)</Name>
              <FileRef uid="1" />
              <SequencePoints>
                <SequencePoint vc="0" uspid="25" ordinal="0" offset="0" sl="101" sc="13" el="101" ec="14" bec="0" bev="0" fileid="1" />
                <SequencePoint vc="0" uspid="26" ordinal="1" offset="1" sl="102" sc="17" el="102" ec="39" bec="0" bev="0" fileid="1" />
                <SequencePoint vc="0" uspid="27" ordinal="2" offset="10" sl="103" sc="17" el="103" ec="48" bec="0" bev="0" fileid="1" />
                <SequencePoint vc="0" uspid="28" ordinal="3" offset="22" sl="104" sc="13" el="104" ec="14" bec="0" bev="0" fileid="1" />
              </SequencePoints>
              <BranchPoints />
              <MethodPoint xsi:type="SequencePoint" vc="0" uspid="25" ordinal="0" offset="0" sl="101" sc="13" el="101" ec="14" bec="0" bev="0" fileid="1" />
            </Method>
            <Method visited="false" cyclomaticComplexity="1" nPathComplexity="0" sequenceCoverage="0" branchCoverage="0" crapScore="2" isConstructor="false" isStatic="false" isGetter="true" isSetter="false">
              <Summary numSequencePoints="3" visitedSequencePoints="0" numBranchPoints="1" visitedBranchPoints="0" sequenceCoverage="0" branchCoverage="0" maxCyclomaticComplexity="1" minCyclomaticComplexity="1" maxCrapScore="2" minCrapScore="2" visitedClasses="0" numClasses="0" visitedMethods="0" numMethods="1" />
              <MetadataToken>100663318</MetadataToken>
              <Name>System.Boolean Homework_選課系統.ClassTimePeriod::get_Tuesday()</Name>
              <FileRef uid="1" />
              <SequencePoints>
                <SequencePoint vc="0" uspid="29" ordinal="0" offset="0" sl="109" sc="13" el="109" ec="14" bec="0" bev="0" fileid="1" />
                <SequencePoint vc="0" uspid="30" ordinal="1" offset="1" sl="110" sc="17" el="110" ec="38" bec="0" bev="0" fileid="1" />
                <SequencePoint vc="0" uspid="31" ordinal="2" offset="12" sl="111" sc="13" el="111" ec="14" bec="0" bev="0" fileid="1" />
              </SequencePoints>
              <BranchPoints />
              <MethodPoint xsi:type="SequencePoint" vc="0" uspid="29" ordinal="0" offset="0" sl="109" sc="13" el="109" ec="14" bec="0" bev="0" fileid="1" />
            </Method>
            <Method visited="false" cyclomaticComplexity="1" nPathComplexity="0" sequenceCoverage="0" branchCoverage="0" crapScore="2" isConstructor="false" isStatic="false" isGetter="false" isSetter="true">
              <Summary numSequencePoints="4" visitedSequencePoints="0" numBranchPoints="1" visitedBranchPoints="0" sequenceCoverage="0" branchCoverage="0" maxCyclomaticComplexity="1" minCyclomaticComplexity="1" maxCrapScore="2" minCrapScore="2" visitedClasses="0" numClasses="0" visitedMethods="0" numMethods="1" />
              <MetadataToken>100663319</MetadataToken>
              <Name>System.Void Homework_選課系統.ClassTimePeriod::set_Tuesday(System.Boolean)</Name>
              <FileRef uid="1" />
              <SequencePoints>
                <SequencePoint vc="0" uspid="32" ordinal="0" offset="0" sl="113" sc="13" el="113" ec="14" bec="0" bev="0" fileid="1" />
                <SequencePoint vc="0" uspid="33" ordinal="1" offset="1" sl="114" sc="17" el="114" ec="39" bec="0" bev="0" fileid="1" />
                <SequencePoint vc="0" uspid="34" ordinal="2" offset="10" sl="115" sc="17" el="115" ec="49" bec="0" bev="0" fileid="1" />
                <SequencePoint vc="0" uspid="35" ordinal="3" offset="22" sl="116" sc="13" el="116" ec="14" bec="0" bev="0" fileid="1" />
              </SequencePoints>
              <BranchPoints />
              <MethodPoint xsi:type="SequencePoint" vc="0" uspid="32" ordinal="0" offset="0" sl="113" sc="13" el="113" ec="14" bec="0" bev="0" fileid="1" />
            </Method>
            <Method visited="false" cyclomaticComplexity="1" nPathComplexity="0" sequenceCoverage="0" branchCoverage="0" crapScore="2" isConstructor="false" isStatic="false" isGetter="true" isSetter="false">
              <Summary numSequencePoints="3" visitedSequencePoints="0" numBranchPoints="1" visitedBranchPoints="0" sequenceCoverage="0" branchCoverage="0" maxCyclomaticComplexity="1" minCyclomaticComplexity="1" maxCrapScore="2" minCrapScore="2" visitedClasses="0" numClasses="0" visitedMethods="0" numMethods="1" />
              <MetadataToken>100663320</MetadataToken>
              <Name>System.Boolean Homework_選課系統.ClassTimePeriod::get_Wednesday()</Name>
              <FileRef uid="1" />
              <SequencePoints>
                <SequencePoint vc="0" uspid="36" ordinal="0" offset="0" sl="121" sc="13" el="121" ec="14" bec="0" bev="0" fileid="1" />
                <SequencePoint vc="0" uspid="37" ordinal="1" offset="1" sl="122" sc="17" el="122" ec="38" bec="0" bev="0" fileid="1" />
                <SequencePoint vc="0" uspid="38" ordinal="2" offset="12" sl="123" sc="13" el="123" ec="14" bec="0" bev="0" fileid="1" />
              </SequencePoints>
              <BranchPoints />
              <MethodPoint xsi:type="SequencePoint" vc="0" uspid="36" ordinal="0" offset="0" sl="121" sc="13" el="121" ec="14" bec="0" bev="0" fileid="1" />
            </Method>
            <Method visited="false" cyclomaticComplexity="1" nPathComplexity="0" sequenceCoverage="0" branchCoverage="0" crapScore="2" isConstructor="false" isStatic="false" isGetter="false" isSetter="true">
              <Summary numSequencePoints="4" visitedSequencePoints="0" numBranchPoints="1" visitedBranchPoints="0" sequenceCoverage="0" branchCoverage="0" maxCyclomaticComplexity="1" minCyclomaticComplexity="1" maxCrapScore="2" minCrapScore="2" visitedClasses="0" numClasses="0" visitedMethods="0" numMethods="1" />
              <MetadataToken>100663321</MetadataToken>
              <Name>System.Void Homework_選課系統.ClassTimePeriod::set_Wednesday(System.Boolean)</Name>
              <FileRef uid="1" />
              <SequencePoints>
                <SequencePoint vc="0" uspid="39" ordinal="0" offset="0" sl="125" sc="13" el="125" ec="14" bec="0" bev="0" fileid="1" />
                <SequencePoint vc="0" uspid="40" ordinal="1" offset="1" sl="126" sc="17" el="126" ec="39" bec="0" bev="0" fileid="1" />
                <SequencePoint vc="0" uspid="41" ordinal="2" offset="10" sl="127" sc="17" el="127" ec="51" bec="0" bev="0" fileid="1" />
                <SequencePoint vc="0" uspid="42" ordinal="3" offset="22" sl="128" sc="13" el="128" ec="14" bec="0" bev="0" fileid="1" />
              </SequencePoints>
              <BranchPoints />
              <MethodPoint xsi:type="SequencePoint" vc="0" uspid="39" ordinal="0" offset="0" sl="125" sc="13" el="125" ec="14" bec="0" bev="0" fileid="1" />
            </Method>
            <Method visited="false" cyclomaticComplexity="1" nPathComplexity="0" sequenceCoverage="0" branchCoverage="0" crapScore="2" isConstructor="false" isStatic="false" isGetter="true" isSetter="false">
              <Summary numSequencePoints="3" visitedSequencePoints="0" numBranchPoints="1" visitedBranchPoints="0" sequenceCoverage="0" branchCoverage="0" maxCyclomaticComplexity="1" minCyclomaticComplexity="1" maxCrapScore="2" minCrapScore="2" visitedClasses="0" numClasses="0" visitedMethods="0" numMethods="1" />
              <MetadataToken>100663322</MetadataToken>
              <Name>System.Boolean Homework_選課系統.ClassTimePeriod::get_Thursday()</Name>
              <FileRef uid="1" />
              <SequencePoints>
                <SequencePoint vc="0" uspid="43" ordinal="0" offset="0" sl="133" sc="13" el="133" ec="14" bec="0" bev="0" fileid="1" />
                <SequencePoint vc="0" uspid="44" ordinal="1" offset="1" sl="134" sc="17" el="134" ec="38" bec="0" bev="0" fileid="1" />
                <SequencePoint vc="0" uspid="45" ordinal="2" offset="12" sl="135" sc="13" el="135" ec="14" bec="0" bev="0" fileid="1" />
              </SequencePoints>
              <BranchPoints />
              <MethodPoint xsi:type="SequencePoint" vc="0" uspid="43" ordinal="0" offset="0" sl="133" sc="13" el="133" ec="14" bec="0" bev="0" fileid="1" />
            </Method>
            <Method visited="false" cyclomaticComplexity="1" nPathComplexity="0" sequenceCoverage="0" branchCoverage="0" crapScore="2" isConstructor="false" isStatic="false" isGetter="false" isSetter="true">
              <Summary numSequencePoints="4" visitedSequencePoints="0" numBranchPoints="1" visitedBranchPoints="0" sequenceCoverage="0" branchCoverage="0" maxCyclomaticComplexity="1" minCyclomaticComplexity="1" maxCrapScore="2" minCrapScore="2" visitedClasses="0" numClasses="0" visitedMethods="0" numMethods="1" />
              <MetadataToken>100663323</MetadataToken>
              <Name>System.Void Homework_選課系統.ClassTimePeriod::set_Thursday(System.Boolean)</Name>
              <FileRef uid="1" />
              <SequencePoints>
                <SequencePoint vc="0" uspid="46" ordinal="0" offset="0" sl="137" sc="13" el="137" ec="14" bec="0" bev="0" fileid="1" />
                <SequencePoint vc="0" uspid="47" ordinal="1" offset="1" sl="138" sc="17" el="138" ec="39" bec="0" bev="0" fileid="1" />
                <SequencePoint vc="0" uspid="48" ordinal="2" offset="10" sl="139" sc="17" el="139" ec="50" bec="0" bev="0" fileid="1" />
                <SequencePoint vc="0" uspid="49" ordinal="3" offset="22" sl="140" sc="13" el="140" ec="14" bec="0" bev="0" fileid="1" />
              </SequencePoints>
              <BranchPoints />
              <MethodPoint xsi:type="SequencePoint" vc="0" uspid="46" ordinal="0" offset="0" sl="137" sc="13" el="137" ec="14" bec="0" bev="0" fileid="1" />
            </Method>
            <Method visited="false" cyclomaticComplexity="1" nPathComplexity="0" sequenceCoverage="0" branchCoverage="0" crapScore="2" isConstructor="false" isStatic="false" isGetter="true" isSetter="false">
              <Summary numSequencePoints="3" visitedSequencePoints="0" numBranchPoints="1" visitedBranchPoints="0" sequenceCoverage="0" branchCoverage="0" maxCyclomaticComplexity="1" minCyclomaticComplexity="1" maxCrapScore="2" minCrapScore="2" visitedClasses="0" numClasses="0" visitedMethods="0" numMethods="1" />
              <MetadataToken>100663324</MetadataToken>
              <Name>System.Boolean Homework_選課系統.ClassTimePeriod::get_Friday()</Name>
              <FileRef uid="1" />
              <SequencePoints>
                <SequencePoint vc="0" uspid="50" ordinal="0" offset="0" sl="145" sc="13" el="145" ec="14" bec="0" bev="0" fileid="1" />
                <SequencePoint vc="0" uspid="51" ordinal="1" offset="1" sl="146" sc="17" el="146" ec="38" bec="0" bev="0" fileid="1" />
                <SequencePoint vc="0" uspid="52" ordinal="2" offset="12" sl="147" sc="13" el="147" ec="14" bec="0" bev="0" fileid="1" />
              </SequencePoints>
              <BranchPoints />
              <MethodPoint xsi:type="SequencePoint" vc="0" uspid="50" ordinal="0" offset="0" sl="145" sc="13" el="145" ec="14" bec="0" bev="0" fileid="1" />
            </Method>
            <Method visited="false" cyclomaticComplexity="1" nPathComplexity="0" sequenceCoverage="0" branchCoverage="0" crapScore="2" isConstructor="false" isStatic="false" isGetter="false" isSetter="true">
              <Summary numSequencePoints="4" visitedSequencePoints="0" numBranchPoints="1" visitedBranchPoints="0" sequenceCoverage="0" branchCoverage="0" maxCyclomaticComplexity="1" minCyclomaticComplexity="1" maxCrapScore="2" minCrapScore="2" visitedClasses="0" numClasses="0" visitedMethods="0" numMethods="1" />
              <MetadataToken>100663325</MetadataToken>
              <Name>System.Void Homework_選課系統.ClassTimePeriod::set_Friday(System.Boolean)</Name>
              <FileRef uid="1" />
              <SequencePoints>
                <SequencePoint vc="0" uspid="53" ordinal="0" offset="0" sl="149" sc="13" el="149" ec="14" bec="0" bev="0" fileid="1" />
                <SequencePoint vc="0" uspid="54" ordinal="1" offset="1" sl="150" sc="17" el="150" ec="39" bec="0" bev="0" fileid="1" />
                <SequencePoint vc="0" uspid="55" ordinal="2" offset="10" sl="151" sc="17" el="151" ec="48" bec="0" bev="0" fileid="1" />
                <SequencePoint vc="0" uspid="56" ordinal="3" offset="22" sl="152" sc="13" el="152" ec="14" bec="0" bev="0" fileid="1" />
              </SequencePoints>
              <BranchPoints />
              <MethodPoint xsi:type="SequencePoint" vc="0" uspid="53" ordinal="0" offset="0" sl="149" sc="13" el="149" ec="14" bec="0" bev="0" fileid="1" />
            </Method>
            <Method visited="false" cyclomaticComplexity="1" nPathComplexity="0" sequenceCoverage="0" branchCoverage="0" crapScore="2" isConstructor="false" isStatic="false" isGetter="true" isSetter="false">
              <Summary numSequencePoints="3" visitedSequencePoints="0" numBranchPoints="1" visitedBranchPoints="0" sequenceCoverage="0" branchCoverage="0" maxCyclomaticComplexity="1" minCyclomaticComplexity="1" maxCrapScore="2" minCrapScore="2" visitedClasses="0" numClasses="0" visitedMethods="0" numMethods="1" />
              <MetadataToken>100663326</MetadataToken>
              <Name>System.Boolean Homework_選課系統.ClassTimePeriod::get_Saturday()</Name>
              <FileRef uid="1" />
              <SequencePoints>
                <SequencePoint vc="0" uspid="57" ordinal="0" offset="0" sl="157" sc="13" el="157" ec="14" bec="0" bev="0" fileid="1" />
                <SequencePoint vc="0" uspid="58" ordinal="1" offset="1" sl="158" sc="17" el="158" ec="38" bec="0" bev="0" fileid="1" />
                <SequencePoint vc="0" uspid="59" ordinal="2" offset="12" sl="159" sc="13" el="159" ec="14" bec="0" bev="0" fileid="1" />
              </SequencePoints>
              <BranchPoints />
              <MethodPoint xsi:type="SequencePoint" vc="0" uspid="57" ordinal="0" offset="0" sl="157" sc="13" el="157" ec="14" bec="0" bev="0" fileid="1" />
            </Method>
            <Method visited="false" cyclomaticComplexity="1" nPathComplexity="0" sequenceCoverage="0" branchCoverage="0" crapScore="2" isConstructor="false" isStatic="false" isGetter="false" isSetter="true">
              <Summary numSequencePoints="4" visitedSequencePoints="0" numBranchPoints="1" visitedBranchPoints="0" sequenceCoverage="0" branchCoverage="0" maxCyclomaticComplexity="1" minCyclomaticComplexity="1" maxCrapScore="2" minCrapScore="2" visitedClasses="0" numClasses="0" visitedMethods="0" numMethods="1" />
              <MetadataToken>100663327</MetadataToken>
              <Name>System.Void Homework_選課系統.ClassTimePeriod::set_Saturday(System.Boolean)</Name>
              <FileRef uid="1" />
              <SequencePoints>
                <SequencePoint vc="0" uspid="60" ordinal="0" offset="0" sl="161" sc="13" el="161" ec="14" bec="0" bev="0" fileid="1" />
                <SequencePoint vc="0" uspid="61" ordinal="1" offset="1" sl="162" sc="17" el="162" ec="39" bec="0" bev="0" fileid="1" />
                <SequencePoint vc="0" uspid="62" ordinal="2" offset="10" sl="163" sc="17" el="163" ec="50" bec="0" bev="0" fileid="1" />
                <SequencePoint vc="0" uspid="63" ordinal="3" offset="22" sl="164" sc="13" el="164" ec="14" bec="0" bev="0" fileid="1" />
              </SequencePoints>
              <BranchPoints />
              <MethodPoint xsi:type="SequencePoint" vc="0" uspid="60" ordinal="0" offset="0" sl="161" sc="13" el="161" ec="14" bec="0" bev="0" fileid="1" />
            </Method>
            <Method visited="false" cyclomaticComplexity="2" nPathComplexity="0" sequenceCoverage="0" branchCoverage="0" crapScore="6" isConstructor="false" isStatic="false" isGetter="false" isSetter="false">
              <Summary numSequencePoints="0" visitedSequencePoints="0" numBranchPoints="0" visitedBranchPoints="0" sequenceCoverage="0" branchCoverage="0" maxCyclomaticComplexity="2" minCyclomaticComplexity="2" maxCrapScore="6" minCrapScore="6" visitedClasses="0" numClasses="0" visitedMethods="0" numMethods="0" />
              <MetadataToken>100663304</MetadataToken>
              <Name>System.Void Homework_選課系統.ClassTimePeriod::add_PropertyChanged(System.ComponentModel.PropertyChangedEventHandler)</Name>
              <SequencePoints />
              <BranchPoints />
              <MethodPoint vc="0" uspid="64" ordinal="0" offset="0" />
            </Method>
            <Method visited="false" cyclomaticComplexity="2" nPathComplexity="0" sequenceCoverage="0" branchCoverage="0" crapScore="6" isConstructor="false" isStatic="false" isGetter="false" isSetter="false">
              <Summary numSequencePoints="0" visitedSequencePoints="0" numBranchPoints="0" visitedBranchPoints="0" sequenceCoverage="0" branchCoverage="0" maxCyclomaticComplexity="2" minCyclomaticComplexity="2" maxCrapScore="6" minCrapScore="6" visitedClasses="0" numClasses="0" visitedMethods="0" numMethods="0" />
              <MetadataToken>100663305</MetadataToken>
              <Name>System.Void Homework_選課系統.ClassTimePeriod::remove_PropertyChanged(System.ComponentModel.PropertyChangedEventHandler)</Name>
              <SequencePoints />
              <BranchPoints />
              <MethodPoint vc="0" uspid="65" ordinal="0" offset="0" />
            </Method>
            <Method visited="false" cyclomaticComplexity="2" nPathComplexity="2" sequenceCoverage="0" branchCoverage="0" crapScore="6" isConstructor="false" isStatic="false" isGetter="false" isSetter="false">
              <Summary numSequencePoints="3" visitedSequencePoints="0" numBranchPoints="3" visitedBranchPoints="0" sequenceCoverage="0" branchCoverage="0" maxCyclomaticComplexity="2" minCyclomaticComplexity="2" maxCrapScore="6" minCrapScore="6" visitedClasses="0" numClasses="0" visitedMethods="0" numMethods="1" />
              <MetadataToken>100663306</MetadataToken>
              <Name>System.Void Homework_選課系統.ClassTimePeriod::NotifyCourseObserver(System.String)</Name>
              <FileRef uid="1" />
              <SequencePoints>
                <SequencePoint vc="0" uspid="66" ordinal="0" offset="0" sl="15" sc="9" el="15" ec="10" bec="0" bev="0" fileid="1" />
                <SequencePoint vc="0" uspid="67" ordinal="1" offset="1" sl="16" sc="13" el="16" ec="87" bec="2" bev="0" fileid="1" />
                <SequencePoint vc="0" uspid="68" ordinal="2" offset="26" sl="17" sc="9" el="17" ec="10" bec="0" bev="0" fileid="1" />
              </SequencePoints>
              <BranchPoints>
                <BranchPoint vc="0" uspid="69" ordinal="0" offset="8" sl="16" path="0" offsetend="10" fileid="1" />
                <BranchPoint vc="0" uspid="70" ordinal="1" offset="8" sl="16" path="1" offsetend="13" fileid="1" />
              </BranchPoints>
              <MethodPoint xsi:type="SequencePoint" vc="0" uspid="66" ordinal="0" offset="0" sl="15" sc="9" el="15" ec="10" bec="0" bev="0" fileid="1" />
            </Method>
            <Method visited="false" cyclomaticComplexity="1" nPathComplexity="0" sequenceCoverage="0" branchCoverage="0" crapScore="2" isConstructor="true" isStatic="false" isGetter="false" isSetter="false">
              <Summary numSequencePoints="12" visitedSequencePoints="0" numBranchPoints="1" visitedBranchPoints="0" sequenceCoverage="0" branchCoverage="0" maxCyclomaticComplexity="1" minCyclomaticComplexity="1" maxCrapScore="2" minCrapScore="2" visitedClasses="0" numClasses="0" visitedMethods="0" numMethods="1" />
              <MetadataToken>100663307</MetadataToken>
              <Name>System.Void Homework_選課系統.ClassTimePeriod::.ctor(System.String)</Name>
              <FileRef uid="1" />
              <SequencePoints>
                <SequencePoint vc="0" uspid="71" ordinal="0" offset="0" sl="21" sc="9" el="21" ec="52" bec="0" bev="0" fileid="1" />
                <SequencePoint vc="0" uspid="72" ordinal="1" offset="12" sl="23" sc="9" el="23" ec="46" bec="0" bev="0" fileid="1" />
                <SequencePoint vc="0" uspid="73" ordinal="2" offset="19" sl="24" sc="9" el="24" ec="10" bec="0" bev="0" fileid="1" />
                <SequencePoint vc="0" uspid="74" ordinal="3" offset="20" sl="25" sc="13" el="25" ec="35" bec="0" bev="0" fileid="1" />
                <SequencePoint vc="0" uspid="75" ordinal="4" offset="27" sl="26" sc="13" el="26" ec="33" bec="0" bev="0" fileid="1" />
                <SequencePoint vc="0" uspid="76" ordinal="5" offset="35" sl="27" sc="13" el="27" ec="33" bec="0" bev="0" fileid="1" />
                <SequencePoint vc="0" uspid="77" ordinal="6" offset="43" sl="28" sc="13" el="28" ec="34" bec="0" bev="0" fileid="1" />
                <SequencePoint vc="0" uspid="78" ordinal="7" offset="51" sl="29" sc="13" el="29" ec="36" bec="0" bev="0" fileid="1" />
                <SequencePoint vc="0" uspid="79" ordinal="8" offset="59" sl="30" sc="13" el="30" ec="35" bec="0" bev="0" fileid="1" />
                <SequencePoint vc="0" uspid="80" ordinal="9" offset="67" sl="31" sc="13" el="31" ec="33" bec="0" bev="0" fileid="1" />
                <SequencePoint vc="0" uspid="81" ordinal="10" offset="75" sl="32" sc="13" el="32" ec="35" bec="0" bev="0" fileid="1" />
                <SequencePoint vc="0" uspid="82" ordinal="11" offset="83" sl="33" sc="9" el="33" ec="10" bec="0" bev="0" fileid="1" />
              </SequencePoints>
              <BranchPoints />
              <MethodPoint xsi:type="SequencePoint" vc="0" uspid="71" ordinal="0" offset="0" sl="21" sc="9" el="21" ec="52" bec="0" bev="0" fileid="1" />
            </Method>
            <Method visited="false" cyclomaticComplexity="3" nPathComplexity="2" sequenceCoverage="0" branchCoverage="0" crapScore="12" isConstructor="false" isStatic="false" isGetter="false" isSetter="false">
              <Summary numSequencePoints="12" visitedSequencePoints="0" numBranchPoints="3" visitedBranchPoints="0" sequenceCoverage="0" branchCoverage="0" maxCyclomaticComplexity="3" minCyclomaticComplexity="3" maxCrapScore="12" minCrapScore="12" visitedClasses="0" numClasses="0" visitedMethods="0" numMethods="1" />
              <MetadataToken>100663308</MetadataToken>
              <Name>System.Int32 Homework_選課系統.ClassTimePeriod::TotalClassTime()</Name>
              <FileRef uid="1" />
              <SequencePoints>
                <SequencePoint vc="0" uspid="83" ordinal="0" offset="0" sl="37" sc="9" el="37" ec="10" bec="0" bev="0" fileid="1" />
                <SequencePoint vc="0" uspid="84" ordinal="1" offset="1" sl="38" sc="13" el="38" ec="27" bec="0" bev="0" fileid="1" />
                <SequencePoint vc="0" uspid="85" ordinal="2" offset="3" sl="39" sc="13" el="39" ec="20" bec="0" bev="0" fileid="1" />
                <SequencePoint vc="0" uspid="86" ordinal="3" offset="4" sl="39" sc="36" el="39" ec="46" bec="0" bev="0" fileid="1" />
                <SequencePoint vc="0" uspid="87" ordinal="4" offset="15" sl="39" sc="22" el="39" ec="32" bec="0" bev="0" fileid="1" />
                <SequencePoint vc="0" uspid="88" ordinal="5" offset="19" sl="40" sc="13" el="40" ec="14" bec="0" bev="0" fileid="1" />
                <SequencePoint vc="0" uspid="89" ordinal="6" offset="20" sl="41" sc="17" el="41" ec="27" bec="2" bev="0" fileid="1" />
                <SequencePoint vc="0" uspid="90" ordinal="7" offset="27" sl="42" sc="21" el="42" ec="29" bec="0" bev="0" fileid="1" />
                <SequencePoint vc="0" uspid="91" ordinal="8" offset="31" sl="43" sc="13" el="43" ec="14" bec="0" bev="0" fileid="1" />
                <SequencePoint vc="0" uspid="92" ordinal="9" offset="36" sl="39" sc="33" el="39" ec="35" bec="0" bev="0" fileid="1" />
                <SequencePoint vc="0" uspid="93" ordinal="10" offset="42" sl="44" sc="13" el="44" ec="26" bec="0" bev="0" fileid="1" />
                <SequencePoint vc="0" uspid="94" ordinal="11" offset="47" sl="45" sc="9" el="45" ec="10" bec="0" bev="0" fileid="1" />
              </SequencePoints>
              <BranchPoints>
                <BranchPoint vc="0" uspid="95" ordinal="0" offset="25" sl="41" path="0" offsetend="27" fileid="1" />
                <BranchPoint vc="0" uspid="96" ordinal="1" offset="25" sl="41" path="1" offsetend="31" fileid="1" />
              </BranchPoints>
              <MethodPoint xsi:type="SequencePoint" vc="0" uspid="83" ordinal="0" offset="0" sl="37" sc="9" el="37" ec="10" bec="0" bev="0" fileid="1" />
            </Method>
            <Method visited="false" cyclomaticComplexity="2" nPathComplexity="2" sequenceCoverage="0" branchCoverage="0" crapScore="6" isConstructor="false" isStatic="false" isGetter="false" isSetter="false">
              <Summary numSequencePoints="8" visitedSequencePoints="0" numBranchPoints="3" visitedBranchPoints="0" sequenceCoverage="0" branchCoverage="0" maxCyclomaticComplexity="2" minCyclomaticComplexity="2" maxCrapScore="6" minCrapScore="6" visitedClasses="0" numClasses="0" visitedMethods="0" numMethods="1" />
              <MetadataToken>100663309</MetadataToken>
              <Name>System.Void Homework_選課系統.ClassTimePeriod::ResetAllPeriod()</Name>
              <FileRef uid="1" />
              <SequencePoints>
                <SequencePoint vc="0" uspid="99" ordinal="0" offset="0" sl="49" sc="9" el="49" ec="10" bec="0" bev="0" fileid="1" />
                <SequencePoint vc="0" uspid="100" ordinal="1" offset="1" sl="50" sc="18" el="50" ec="35" bec="0" bev="0" fileid="1" />
                <SequencePoint vc="0" uspid="101" ordinal="2" offset="5" sl="51" sc="13" el="51" ec="14" bec="0" bev="0" fileid="1" />
                <SequencePoint vc="0" uspid="102" ordinal="3" offset="6" sl="52" sc="17" el="52" ec="47" bec="0" bev="0" fileid="1" />
                <SequencePoint vc="0" uspid="103" ordinal="4" offset="15" sl="53" sc="13" el="53" ec="14" bec="0" bev="0" fileid="1" />
                <SequencePoint vc="0" uspid="104" ordinal="5" offset="16" sl="50" sc="55" el="50" ec="66" bec="0" bev="0" fileid="1" />
                <SequencePoint vc="0" uspid="105" ordinal="6" offset="20" sl="50" sc="37" el="50" ec="53" bec="2" bev="0" fileid="1" />
                <SequencePoint vc="0" uspid="106" ordinal="7" offset="28" sl="54" sc="9" el="54" ec="10" bec="0" bev="0" fileid="1" />
              </SequencePoints>
              <BranchPoints>
                <BranchPoint vc="0" uspid="107" ordinal="0" offset="26" sl="50" path="0" offsetend="28" fileid="1" />
                <BranchPoint vc="0" uspid="108" ordinal="1" offset="26" sl="50" path="1" offsetend="5" fileid="1" />
              </BranchPoints>
              <MethodPoint xsi:type="SequencePoint" vc="0" uspid="99" ordinal="0" offset="0" sl="49" sc="9" el="49" ec="10" bec="0" bev="0" fileid="1" />
            </Method>
          </Methods>
        </Class>
        <Class>
          <Summary numSequencePoints="361" visitedSequencePoints="0" numBranchPoints="140" visitedBranchPoints="0" sequenceCoverage="0" branchCoverage="0" maxCyclomaticComplexity="10" minCyclomaticComplexity="1" maxCrapScore="110" minCrapScore="2" visitedClasses="0" numClasses="1" visitedMethods="0" numMethods="67" />
          <FullName>Homework_選課系統.Course</FullName>
          <Methods>
            <Method visited="false" cyclomaticComplexity="1" nPathComplexity="0" sequenceCoverage="0" branchCoverage="0" crapScore="2" isConstructor="false" isStatic="false" isGetter="true" isSetter="false">
              <Summary numSequencePoints="3" visitedSequencePoints="0" numBranchPoints="1" visitedBranchPoints="0" sequenceCoverage="0" branchCoverage="0" maxCyclomaticComplexity="1" minCyclomaticComplexity="1" maxCrapScore="2" minCrapScore="2" visitedClasses="0" numClasses="0" visitedMethods="0" numMethods="1" />
              <MetadataToken>100663347</MetadataToken>
              <Name>System.String Homework_選課系統.Course::get_Number()</Name>
              <FileRef uid="3" />
              <SequencePoints>
                <SequencePoint vc="0" uspid="109" ordinal="0" offset="0" sl="93" sc="13" el="93" ec="14" bec="0" bev="0" fileid="3" />
                <SequencePoint vc="0" uspid="110" ordinal="1" offset="1" sl="94" sc="17" el="94" ec="32" bec="0" bev="0" fileid="3" />
                <SequencePoint vc="0" uspid="111" ordinal="2" offset="10" sl="95" sc="13" el="95" ec="14" bec="0" bev="0" fileid="3" />
              </SequencePoints>
              <BranchPoints />
              <MethodPoint xsi:type="SequencePoint" vc="0" uspid="109" ordinal="0" offset="0" sl="93" sc="13" el="93" ec="14" bec="0" bev="0" fileid="3" />
            </Method>
            <Method visited="false" cyclomaticComplexity="1" nPathComplexity="0" sequenceCoverage="0" branchCoverage="0" crapScore="2" isConstructor="false" isStatic="false" isGetter="false" isSetter="true">
              <Summary numSequencePoints="4" visitedSequencePoints="0" numBranchPoints="1" visitedBranchPoints="0" sequenceCoverage="0" branchCoverage="0" maxCyclomaticComplexity="1" minCyclomaticComplexity="1" maxCrapScore="2" minCrapScore="2" visitedClasses="0" numClasses="0" visitedMethods="0" numMethods="1" />
              <MetadataToken>100663348</MetadataToken>
              <Name>System.Void Homework_選課系統.Course::set_Number(System.String)</Name>
              <FileRef uid="3" />
              <SequencePoints>
                <SequencePoint vc="0" uspid="112" ordinal="0" offset="0" sl="97" sc="13" el="97" ec="14" bec="0" bev="0" fileid="3" />
                <SequencePoint vc="0" uspid="113" ordinal="1" offset="1" sl="98" sc="17" el="98" ec="38" bec="0" bev="0" fileid="3" />
                <SequencePoint vc="0" uspid="114" ordinal="2" offset="8" sl="99" sc="17" el="99" ec="49" bec="0" bev="0" fileid="3" />
                <SequencePoint vc="0" uspid="115" ordinal="3" offset="20" sl="100" sc="13" el="100" ec="14" bec="0" bev="0" fileid="3" />
              </SequencePoints>
              <BranchPoints />
              <MethodPoint xsi:type="SequencePoint" vc="0" uspid="112" ordinal="0" offset="0" sl="97" sc="13" el="97" ec="14" bec="0" bev="0" fileid="3" />
            </Method>
            <Method visited="false" cyclomaticComplexity="1" nPathComplexity="0" sequenceCoverage="0" branchCoverage="0" crapScore="2" isConstructor="false" isStatic="false" isGetter="true" isSetter="false">
              <Summary numSequencePoints="3" visitedSequencePoints="0" numBranchPoints="1" visitedBranchPoints="0" sequenceCoverage="0" branchCoverage="0" maxCyclomaticComplexity="1" minCyclomaticComplexity="1" maxCrapScore="2" minCrapScore="2" visitedClasses="0" numClasses="0" visitedMethods="0" numMethods="1" />
              <MetadataToken>100663349</MetadataToken>
              <Name>System.String Homework_選課系統.Course::get_Name()</Name>
              <FileRef uid="3" />
              <SequencePoints>
                <SequencePoint vc="0" uspid="116" ordinal="0" offset="0" sl="106" sc="13" el="106" ec="14" bec="0" bev="0" fileid="3" />
                <SequencePoint vc="0" uspid="117" ordinal="1" offset="1" sl="107" sc="17" el="107" ec="30" bec="0" bev="0" fileid="3" />
                <SequencePoint vc="0" uspid="118" ordinal="2" offset="10" sl="108" sc="13" el="108" ec="14" bec="0" bev="0" fileid="3" />
              </SequencePoints>
              <BranchPoints />
              <MethodPoint xsi:type="SequencePoint" vc="0" uspid="116" ordinal="0" offset="0" sl="106" sc="13" el="106" ec="14" bec="0" bev="0" fileid="3" />
            </Method>
            <Method visited="false" cyclomaticComplexity="1" nPathComplexity="0" sequenceCoverage="0" branchCoverage="0" crapScore="2" isConstructor="false" isStatic="false" isGetter="false" isSetter="true">
              <Summary numSequencePoints="4" visitedSequencePoints="0" numBranchPoints="1" visitedBranchPoints="0" sequenceCoverage="0" branchCoverage="0" maxCyclomaticComplexity="1" minCyclomaticComplexity="1" maxCrapScore="2" minCrapScore="2" visitedClasses="0" numClasses="0" visitedMethods="0" numMethods="1" />
              <MetadataToken>100663350</MetadataToken>
              <Name>System.Void Homework_選課系統.Course::set_Name(System.String)</Name>
              <FileRef uid="3" />
              <SequencePoints>
                <SequencePoint vc="0" uspid="119" ordinal="0" offset="0" sl="110" sc="13" el="110" ec="14" bec="0" bev="0" fileid="3" />
                <SequencePoint vc="0" uspid="120" ordinal="1" offset="1" sl="111" sc="17" el="111" ec="36" bec="0" bev="0" fileid="3" />
                <SequencePoint vc="0" uspid="121" ordinal="2" offset="8" sl="112" sc="17" el="112" ec="47" bec="0" bev="0" fileid="3" />
                <SequencePoint vc="0" uspid="122" ordinal="3" offset="20" sl="113" sc="13" el="113" ec="14" bec="0" bev="0" fileid="3" />
              </SequencePoints>
              <BranchPoints />
              <MethodPoint xsi:type="SequencePoint" vc="0" uspid="119" ordinal="0" offset="0" sl="110" sc="13" el="110" ec="14" bec="0" bev="0" fileid="3" />
            </Method>
            <Method visited="false" cyclomaticComplexity="1" nPathComplexity="0" sequenceCoverage="0" branchCoverage="0" crapScore="2" isConstructor="false" isStatic="false" isGetter="true" isSetter="false">
              <Summary numSequencePoints="3" visitedSequencePoints="0" numBranchPoints="1" visitedBranchPoints="0" sequenceCoverage="0" branchCoverage="0" maxCyclomaticComplexity="1" minCyclomaticComplexity="1" maxCrapScore="2" minCrapScore="2" visitedClasses="0" numClasses="0" visitedMethods="0" numMethods="1" />
              <MetadataToken>100663351</MetadataToken>
              <Name>System.String Homework_選課系統.Course::get_Stage()</Name>
              <FileRef uid="3" />
              <SequencePoints>
                <SequencePoint vc="0" uspid="123" ordinal="0" offset="0" sl="119" sc="13" el="119" ec="14" bec="0" bev="0" fileid="3" />
                <SequencePoint vc="0" uspid="124" ordinal="1" offset="1" sl="120" sc="17" el="120" ec="31" bec="0" bev="0" fileid="3" />
                <SequencePoint vc="0" uspid="125" ordinal="2" offset="10" sl="121" sc="13" el="121" ec="14" bec="0" bev="0" fileid="3" />
              </SequencePoints>
              <BranchPoints />
              <MethodPoint xsi:type="SequencePoint" vc="0" uspid="123" ordinal="0" offset="0" sl="119" sc="13" el="119" ec="14" bec="0" bev="0" fileid="3" />
            </Method>
            <Method visited="false" cyclomaticComplexity="1" nPathComplexity="0" sequenceCoverage="0" branchCoverage="0" crapScore="2" isConstructor="false" isStatic="false" isGetter="false" isSetter="true">
              <Summary numSequencePoints="4" visitedSequencePoints="0" numBranchPoints="1" visitedBranchPoints="0" sequenceCoverage="0" branchCoverage="0" maxCyclomaticComplexity="1" minCyclomaticComplexity="1" maxCrapScore="2" minCrapScore="2" visitedClasses="0" numClasses="0" visitedMethods="0" numMethods="1" />
              <MetadataToken>100663352</MetadataToken>
              <Name>System.Void Homework_選課系統.Course::set_Stage(System.String)</Name>
              <FileRef uid="3" />
              <SequencePoints>
                <SequencePoint vc="0" uspid="126" ordinal="0" offset="0" sl="123" sc="13" el="123" ec="14" bec="0" bev="0" fileid="3" />
                <SequencePoint vc="0" uspid="127" ordinal="1" offset="1" sl="124" sc="17" el="124" ec="37" bec="0" bev="0" fileid="3" />
                <SequencePoint vc="0" uspid="128" ordinal="2" offset="8" sl="125" sc="17" el="125" ec="48" bec="0" bev="0" fileid="3" />
                <SequencePoint vc="0" uspid="129" ordinal="3" offset="20" sl="126" sc="13" el="126" ec="14" bec="0" bev="0" fileid="3" />
              </SequencePoints>
              <BranchPoints />
              <MethodPoint xsi:type="SequencePoint" vc="0" uspid="126" ordinal="0" offset="0" sl="123" sc="13" el="123" ec="14" bec="0" bev="0" fileid="3" />
            </Method>
            <Method visited="false" cyclomaticComplexity="1" nPathComplexity="0" sequenceCoverage="0" branchCoverage="0" crapScore="2" isConstructor="false" isStatic="false" isGetter="true" isSetter="false">
              <Summary numSequencePoints="3" visitedSequencePoints="0" numBranchPoints="1" visitedBranchPoints="0" sequenceCoverage="0" branchCoverage="0" maxCyclomaticComplexity="1" minCyclomaticComplexity="1" maxCrapScore="2" minCrapScore="2" visitedClasses="0" numClasses="0" visitedMethods="0" numMethods="1" />
              <MetadataToken>100663353</MetadataToken>
              <Name>System.String Homework_選課系統.Course::get_Credit()</Name>
              <FileRef uid="3" />
              <SequencePoints>
                <SequencePoint vc="0" uspid="130" ordinal="0" offset="0" sl="132" sc="13" el="132" ec="14" bec="0" bev="0" fileid="3" />
                <SequencePoint vc="0" uspid="131" ordinal="1" offset="1" sl="133" sc="17" el="133" ec="32" bec="0" bev="0" fileid="3" />
                <SequencePoint vc="0" uspid="132" ordinal="2" offset="10" sl="134" sc="13" el="134" ec="14" bec="0" bev="0" fileid="3" />
              </SequencePoints>
              <BranchPoints />
              <MethodPoint xsi:type="SequencePoint" vc="0" uspid="130" ordinal="0" offset="0" sl="132" sc="13" el="132" ec="14" bec="0" bev="0" fileid="3" />
            </Method>
            <Method visited="false" cyclomaticComplexity="1" nPathComplexity="0" sequenceCoverage="0" branchCoverage="0" crapScore="2" isConstructor="false" isStatic="false" isGetter="false" isSetter="true">
              <Summary numSequencePoints="4" visitedSequencePoints="0" numBranchPoints="1" visitedBranchPoints="0" sequenceCoverage="0" branchCoverage="0" maxCyclomaticComplexity="1" minCyclomaticComplexity="1" maxCrapScore="2" minCrapScore="2" visitedClasses="0" numClasses="0" visitedMethods="0" numMethods="1" />
              <MetadataToken>100663354</MetadataToken>
              <Name>System.Void Homework_選課系統.Course::set_Credit(System.String)</Name>
              <FileRef uid="3" />
              <SequencePoints>
                <SequencePoint vc="0" uspid="133" ordinal="0" offset="0" sl="136" sc="13" el="136" ec="14" bec="0" bev="0" fileid="3" />
                <SequencePoint vc="0" uspid="134" ordinal="1" offset="1" sl="137" sc="17" el="137" ec="38" bec="0" bev="0" fileid="3" />
                <SequencePoint vc="0" uspid="135" ordinal="2" offset="8" sl="138" sc="17" el="138" ec="49" bec="0" bev="0" fileid="3" />
                <SequencePoint vc="0" uspid="136" ordinal="3" offset="20" sl="139" sc="13" el="139" ec="14" bec="0" bev="0" fileid="3" />
              </SequencePoints>
              <BranchPoints />
              <MethodPoint xsi:type="SequencePoint" vc="0" uspid="133" ordinal="0" offset="0" sl="136" sc="13" el="136" ec="14" bec="0" bev="0" fileid="3" />
            </Method>
            <Method visited="false" cyclomaticComplexity="1" nPathComplexity="0" sequenceCoverage="0" branchCoverage="0" crapScore="2" isConstructor="false" isStatic="false" isGetter="true" isSetter="false">
              <Summary numSequencePoints="3" visitedSequencePoints="0" numBranchPoints="1" visitedBranchPoints="0" sequenceCoverage="0" branchCoverage="0" maxCyclomaticComplexity="1" minCyclomaticComplexity="1" maxCrapScore="2" minCrapScore="2" visitedClasses="0" numClasses="0" visitedMethods="0" numMethods="1" />
              <MetadataToken>100663355</MetadataToken>
              <Name>System.String Homework_選課系統.Course::get_Hour()</Name>
              <FileRef uid="3" />
              <SequencePoints>
                <SequencePoint vc="0" uspid="137" ordinal="0" offset="0" sl="145" sc="13" el="145" ec="14" bec="0" bev="0" fileid="3" />
                <SequencePoint vc="0" uspid="138" ordinal="1" offset="1" sl="146" sc="17" el="146" ec="30" bec="0" bev="0" fileid="3" />
                <SequencePoint vc="0" uspid="139" ordinal="2" offset="10" sl="147" sc="13" el="147" ec="14" bec="0" bev="0" fileid="3" />
              </SequencePoints>
              <BranchPoints />
              <MethodPoint xsi:type="SequencePoint" vc="0" uspid="137" ordinal="0" offset="0" sl="145" sc="13" el="145" ec="14" bec="0" bev="0" fileid="3" />
            </Method>
            <Method visited="false" cyclomaticComplexity="1" nPathComplexity="0" sequenceCoverage="0" branchCoverage="0" crapScore="2" isConstructor="false" isStatic="false" isGetter="false" isSetter="true">
              <Summary numSequencePoints="4" visitedSequencePoints="0" numBranchPoints="1" visitedBranchPoints="0" sequenceCoverage="0" branchCoverage="0" maxCyclomaticComplexity="1" minCyclomaticComplexity="1" maxCrapScore="2" minCrapScore="2" visitedClasses="0" numClasses="0" visitedMethods="0" numMethods="1" />
              <MetadataToken>100663356</MetadataToken>
              <Name>System.Void Homework_選課系統.Course::set_Hour(System.String)</Name>
              <FileRef uid="3" />
              <SequencePoints>
                <SequencePoint vc="0" uspid="140" ordinal="0" offset="0" sl="149" sc="13" el="149" ec="14" bec="0" bev="0" fileid="3" />
                <SequencePoint vc="0" uspid="141" ordinal="1" offset="1" sl="150" sc="17" el="150" ec="36" bec="0" bev="0" fileid="3" />
                <SequencePoint vc="0" uspid="142" ordinal="2" offset="8" sl="151" sc="17" el="151" ec="47" bec="0" bev="0" fileid="3" />
                <SequencePoint vc="0" uspid="143" ordinal="3" offset="20" sl="152" sc="13" el="152" ec="14" bec="0" bev="0" fileid="3" />
              </SequencePoints>
              <BranchPoints />
              <MethodPoint xsi:type="SequencePoint" vc="0" uspid="140" ordinal="0" offset="0" sl="149" sc="13" el="149" ec="14" bec="0" bev="0" fileid="3" />
            </Method>
            <Method visited="false" cyclomaticComplexity="1" nPathComplexity="0" sequenceCoverage="0" branchCoverage="0" crapScore="2" isConstructor="false" isStatic="false" isGetter="true" isSetter="false">
              <Summary numSequencePoints="3" visitedSequencePoints="0" numBranchPoints="1" visitedBranchPoints="0" sequenceCoverage="0" branchCoverage="0" maxCyclomaticComplexity="1" minCyclomaticComplexity="1" maxCrapScore="2" minCrapScore="2" visitedClasses="0" numClasses="0" visitedMethods="0" numMethods="1" />
              <MetadataToken>100663357</MetadataToken>
              <Name>System.String Homework_選課系統.Course::get_Teacher()</Name>
              <FileRef uid="3" />
              <SequencePoints>
                <SequencePoint vc="0" uspid="144" ordinal="0" offset="0" sl="158" sc="13" el="158" ec="14" bec="0" bev="0" fileid="3" />
                <SequencePoint vc="0" uspid="145" ordinal="1" offset="1" sl="159" sc="17" el="159" ec="33" bec="0" bev="0" fileid="3" />
                <SequencePoint vc="0" uspid="146" ordinal="2" offset="10" sl="160" sc="13" el="160" ec="14" bec="0" bev="0" fileid="3" />
              </SequencePoints>
              <BranchPoints />
              <MethodPoint xsi:type="SequencePoint" vc="0" uspid="144" ordinal="0" offset="0" sl="158" sc="13" el="158" ec="14" bec="0" bev="0" fileid="3" />
            </Method>
            <Method visited="false" cyclomaticComplexity="1" nPathComplexity="0" sequenceCoverage="0" branchCoverage="0" crapScore="2" isConstructor="false" isStatic="false" isGetter="false" isSetter="true">
              <Summary numSequencePoints="4" visitedSequencePoints="0" numBranchPoints="1" visitedBranchPoints="0" sequenceCoverage="0" branchCoverage="0" maxCyclomaticComplexity="1" minCyclomaticComplexity="1" maxCrapScore="2" minCrapScore="2" visitedClasses="0" numClasses="0" visitedMethods="0" numMethods="1" />
              <MetadataToken>100663358</MetadataToken>
              <Name>System.Void Homework_選課系統.Course::set_Teacher(System.String)</Name>
              <FileRef uid="3" />
              <SequencePoints>
                <SequencePoint vc="0" uspid="147" ordinal="0" offset="0" sl="162" sc="13" el="162" ec="14" bec="0" bev="0" fileid="3" />
                <SequencePoint vc="0" uspid="148" ordinal="1" offset="1" sl="163" sc="17" el="163" ec="39" bec="0" bev="0" fileid="3" />
                <SequencePoint vc="0" uspid="149" ordinal="2" offset="8" sl="164" sc="17" el="164" ec="50" bec="0" bev="0" fileid="3" />
                <SequencePoint vc="0" uspid="150" ordinal="3" offset="20" sl="165" sc="13" el="165" ec="14" bec="0" bev="0" fileid="3" />
              </SequencePoints>
              <BranchPoints />
              <MethodPoint xsi:type="SequencePoint" vc="0" uspid="147" ordinal="0" offset="0" sl="162" sc="13" el="162" ec="14" bec="0" bev="0" fileid="3" />
            </Method>
            <Method visited="false" cyclomaticComplexity="1" nPathComplexity="0" sequenceCoverage="0" branchCoverage="0" crapScore="2" isConstructor="false" isStatic="false" isGetter="true" isSetter="false">
              <Summary numSequencePoints="3" visitedSequencePoints="0" numBranchPoints="1" visitedBranchPoints="0" sequenceCoverage="0" branchCoverage="0" maxCyclomaticComplexity="1" minCyclomaticComplexity="1" maxCrapScore="2" minCrapScore="2" visitedClasses="0" numClasses="0" visitedMethods="0" numMethods="1" />
              <MetadataToken>100663359</MetadataToken>
              <Name>System.Collections.Generic.List`1&lt;System.String&gt; Homework_選課系統.Course::get_ClassTime()</Name>
              <FileRef uid="3" />
              <SequencePoints>
                <SequencePoint vc="0" uspid="151" ordinal="0" offset="0" sl="171" sc="13" el="171" ec="14" bec="0" bev="0" fileid="3" />
                <SequencePoint vc="0" uspid="152" ordinal="1" offset="1" sl="172" sc="17" el="172" ec="35" bec="0" bev="0" fileid="3" />
                <SequencePoint vc="0" uspid="153" ordinal="2" offset="10" sl="173" sc="13" el="173" ec="14" bec="0" bev="0" fileid="3" />
              </SequencePoints>
              <BranchPoints />
              <MethodPoint xsi:type="SequencePoint" vc="0" uspid="151" ordinal="0" offset="0" sl="171" sc="13" el="171" ec="14" bec="0" bev="0" fileid="3" />
            </Method>
            <Method visited="false" cyclomaticComplexity="1" nPathComplexity="0" sequenceCoverage="0" branchCoverage="0" crapScore="2" isConstructor="false" isStatic="false" isGetter="false" isSetter="true">
              <Summary numSequencePoints="4" visitedSequencePoints="0" numBranchPoints="1" visitedBranchPoints="0" sequenceCoverage="0" branchCoverage="0" maxCyclomaticComplexity="1" minCyclomaticComplexity="1" maxCrapScore="2" minCrapScore="2" visitedClasses="0" numClasses="0" visitedMethods="0" numMethods="1" />
              <MetadataToken>100663360</MetadataToken>
              <Name>System.Void Homework_選課系統.Course::set_ClassTime(System.Collections.Generic.List`1&lt;System.String&gt;)</Name>
              <FileRef uid="3" />
              <SequencePoints>
                <SequencePoint vc="0" uspid="154" ordinal="0" offset="0" sl="175" sc="13" el="175" ec="14" bec="0" bev="0" fileid="3" />
                <SequencePoint vc="0" uspid="155" ordinal="1" offset="1" sl="176" sc="17" el="176" ec="41" bec="0" bev="0" fileid="3" />
                <SequencePoint vc="0" uspid="156" ordinal="2" offset="8" sl="177" sc="17" el="177" ec="52" bec="0" bev="0" fileid="3" />
                <SequencePoint vc="0" uspid="157" ordinal="3" offset="20" sl="178" sc="13" el="178" ec="14" bec="0" bev="0" fileid="3" />
              </SequencePoints>
              <BranchPoints />
              <MethodPoint xsi:type="SequencePoint" vc="0" uspid="154" ordinal="0" offset="0" sl="175" sc="13" el="175" ec="14" bec="0" bev="0" fileid="3" />
            </Method>
            <Method visited="false" cyclomaticComplexity="1" nPathComplexity="0" sequenceCoverage="0" branchCoverage="0" crapScore="2" isConstructor="false" isStatic="false" isGetter="true" isSetter="false">
              <Summary numSequencePoints="3" visitedSequencePoints="0" numBranchPoints="1" visitedBranchPoints="0" sequenceCoverage="0" branchCoverage="0" maxCyclomaticComplexity="1" minCyclomaticComplexity="1" maxCrapScore="2" minCrapScore="2" visitedClasses="0" numClasses="0" visitedMethods="0" numMethods="1" />
              <MetadataToken>100663361</MetadataToken>
              <Name>System.String Homework_選課系統.Course::get_ClassTimeSunday()</Name>
              <FileRef uid="3" />
              <SequencePoints>
                <SequencePoint vc="0" uspid="158" ordinal="0" offset="0" sl="184" sc="13" el="184" ec="14" bec="0" bev="0" fileid="3" />
                <SequencePoint vc="0" uspid="159" ordinal="1" offset="1" sl="185" sc="17" el="185" ec="58" bec="0" bev="0" fileid="3" />
                <SequencePoint vc="0" uspid="160" ordinal="2" offset="16" sl="186" sc="13" el="186" ec="14" bec="0" bev="0" fileid="3" />
              </SequencePoints>
              <BranchPoints />
              <MethodPoint xsi:type="SequencePoint" vc="0" uspid="158" ordinal="0" offset="0" sl="184" sc="13" el="184" ec="14" bec="0" bev="0" fileid="3" />
            </Method>
            <Method visited="false" cyclomaticComplexity="1" nPathComplexity="0" sequenceCoverage="0" branchCoverage="0" crapScore="2" isConstructor="false" isStatic="false" isGetter="false" isSetter="true">
              <Summary numSequencePoints="4" visitedSequencePoints="0" numBranchPoints="1" visitedBranchPoints="0" sequenceCoverage="0" branchCoverage="0" maxCyclomaticComplexity="1" minCyclomaticComplexity="1" maxCrapScore="2" minCrapScore="2" visitedClasses="0" numClasses="0" visitedMethods="0" numMethods="1" />
              <MetadataToken>100663362</MetadataToken>
              <Name>System.Void Homework_選課系統.Course::set_ClassTimeSunday(System.String)</Name>
              <FileRef uid="3" />
              <SequencePoints>
                <SequencePoint vc="0" uspid="161" ordinal="0" offset="0" sl="188" sc="13" el="188" ec="14" bec="0" bev="0" fileid="3" />
                <SequencePoint vc="0" uspid="162" ordinal="1" offset="1" sl="189" sc="17" el="189" ec="49" bec="0" bev="0" fileid="3" />
                <SequencePoint vc="0" uspid="163" ordinal="2" offset="15" sl="190" sc="17" el="190" ec="58" bec="0" bev="0" fileid="3" />
                <SequencePoint vc="0" uspid="164" ordinal="3" offset="27" sl="191" sc="13" el="191" ec="14" bec="0" bev="0" fileid="3" />
              </SequencePoints>
              <BranchPoints />
              <MethodPoint xsi:type="SequencePoint" vc="0" uspid="161" ordinal="0" offset="0" sl="188" sc="13" el="188" ec="14" bec="0" bev="0" fileid="3" />
            </Method>
            <Method visited="false" cyclomaticComplexity="1" nPathComplexity="0" sequenceCoverage="0" branchCoverage="0" crapScore="2" isConstructor="false" isStatic="false" isGetter="true" isSetter="false">
              <Summary numSequencePoints="3" visitedSequencePoints="0" numBranchPoints="1" visitedBranchPoints="0" sequenceCoverage="0" branchCoverage="0" maxCyclomaticComplexity="1" minCyclomaticComplexity="1" maxCrapScore="2" minCrapScore="2" visitedClasses="0" numClasses="0" visitedMethods="0" numMethods="1" />
              <MetadataToken>100663363</MetadataToken>
              <Name>System.String Homework_選課系統.Course::get_ClassTimeMonday()</Name>
              <FileRef uid="3" />
              <SequencePoints>
                <SequencePoint vc="0" uspid="165" ordinal="0" offset="0" sl="197" sc="13" el="197" ec="14" bec="0" bev="0" fileid="3" />
                <SequencePoint vc="0" uspid="166" ordinal="1" offset="1" sl="198" sc="17" el="198" ec="58" bec="0" bev="0" fileid="3" />
                <SequencePoint vc="0" uspid="167" ordinal="2" offset="16" sl="199" sc="13" el="199" ec="14" bec="0" bev="0" fileid="3" />
              </SequencePoints>
              <BranchPoints />
              <MethodPoint xsi:type="SequencePoint" vc="0" uspid="165" ordinal="0" offset="0" sl="197" sc="13" el="197" ec="14" bec="0" bev="0" fileid="3" />
            </Method>
            <Method visited="false" cyclomaticComplexity="1" nPathComplexity="0" sequenceCoverage="0" branchCoverage="0" crapScore="2" isConstructor="false" isStatic="false" isGetter="false" isSetter="true">
              <Summary numSequencePoints="4" visitedSequencePoints="0" numBranchPoints="1" visitedBranchPoints="0" sequenceCoverage="0" branchCoverage="0" maxCyclomaticComplexity="1" minCyclomaticComplexity="1" maxCrapScore="2" minCrapScore="2" visitedClasses="0" numClasses="0" visitedMethods="0" numMethods="1" />
              <MetadataToken>100663364</MetadataToken>
              <Name>System.Void Homework_選課系統.Course::set_ClassTimeMonday(System.String)</Name>
              <FileRef uid="3" />
              <SequencePoints>
                <SequencePoint vc="0" uspid="168" ordinal="0" offset="0" sl="201" sc="13" el="201" ec="14" bec="0" bev="0" fileid="3" />
                <SequencePoint vc="0" uspid="169" ordinal="1" offset="1" sl="202" sc="17" el="202" ec="49" bec="0" bev="0" fileid="3" />
                <SequencePoint vc="0" uspid="170" ordinal="2" offset="15" sl="203" sc="17" el="203" ec="58" bec="0" bev="0" fileid="3" />
                <SequencePoint vc="0" uspid="171" ordinal="3" offset="27" sl="204" sc="13" el="204" ec="14" bec="0" bev="0" fileid="3" />
              </SequencePoints>
              <BranchPoints />
              <MethodPoint xsi:type="SequencePoint" vc="0" uspid="168" ordinal="0" offset="0" sl="201" sc="13" el="201" ec="14" bec="0" bev="0" fileid="3" />
            </Method>
            <Method visited="false" cyclomaticComplexity="1" nPathComplexity="0" sequenceCoverage="0" branchCoverage="0" crapScore="2" isConstructor="false" isStatic="false" isGetter="true" isSetter="false">
              <Summary numSequencePoints="3" visitedSequencePoints="0" numBranchPoints="1" visitedBranchPoints="0" sequenceCoverage="0" branchCoverage="0" maxCyclomaticComplexity="1" minCyclomaticComplexity="1" maxCrapScore="2" minCrapScore="2" visitedClasses="0" numClasses="0" visitedMethods="0" numMethods="1" />
              <MetadataToken>100663365</MetadataToken>
              <Name>System.String Homework_選課系統.Course::get_ClassTimeTuesday()</Name>
              <FileRef uid="3" />
              <SequencePoints>
                <SequencePoint vc="0" uspid="172" ordinal="0" offset="0" sl="210" sc="13" el="210" ec="14" bec="0" bev="0" fileid="3" />
                <SequencePoint vc="0" uspid="173" ordinal="1" offset="1" sl="211" sc="17" el="211" ec="59" bec="0" bev="0" fileid="3" />
                <SequencePoint vc="0" uspid="174" ordinal="2" offset="16" sl="212" sc="13" el="212" ec="14" bec="0" bev="0" fileid="3" />
              </SequencePoints>
              <BranchPoints />
              <MethodPoint xsi:type="SequencePoint" vc="0" uspid="172" ordinal="0" offset="0" sl="210" sc="13" el="210" ec="14" bec="0" bev="0" fileid="3" />
            </Method>
            <Method visited="false" cyclomaticComplexity="1" nPathComplexity="0" sequenceCoverage="0" branchCoverage="0" crapScore="2" isConstructor="false" isStatic="false" isGetter="false" isSetter="true">
              <Summary numSequencePoints="4" visitedSequencePoints="0" numBranchPoints="1" visitedBranchPoints="0" sequenceCoverage="0" branchCoverage="0" maxCyclomaticComplexity="1" minCyclomaticComplexity="1" maxCrapScore="2" minCrapScore="2" visitedClasses="0" numClasses="0" visitedMethods="0" numMethods="1" />
              <MetadataToken>100663366</MetadataToken>
              <Name>System.Void Homework_選課系統.Course::set_ClassTimeTuesday(System.String)</Name>
              <FileRef uid="3" />
              <SequencePoints>
                <SequencePoint vc="0" uspid="175" ordinal="0" offset="0" sl="214" sc="13" el="214" ec="14" bec="0" bev="0" fileid="3" />
                <SequencePoint vc="0" uspid="176" ordinal="1" offset="1" sl="215" sc="17" el="215" ec="50" bec="0" bev="0" fileid="3" />
                <SequencePoint vc="0" uspid="177" ordinal="2" offset="15" sl="216" sc="17" el="216" ec="59" bec="0" bev="0" fileid="3" />
                <SequencePoint vc="0" uspid="178" ordinal="3" offset="27" sl="217" sc="13" el="217" ec="14" bec="0" bev="0" fileid="3" />
              </SequencePoints>
              <BranchPoints />
              <MethodPoint xsi:type="SequencePoint" vc="0" uspid="175" ordinal="0" offset="0" sl="214" sc="13" el="214" ec="14" bec="0" bev="0" fileid="3" />
            </Method>
            <Method visited="false" cyclomaticComplexity="1" nPathComplexity="0" sequenceCoverage="0" branchCoverage="0" crapScore="2" isConstructor="false" isStatic="false" isGetter="true" isSetter="false">
              <Summary numSequencePoints="3" visitedSequencePoints="0" numBranchPoints="1" visitedBranchPoints="0" sequenceCoverage="0" branchCoverage="0" maxCyclomaticComplexity="1" minCyclomaticComplexity="1" maxCrapScore="2" minCrapScore="2" visitedClasses="0" numClasses="0" visitedMethods="0" numMethods="1" />
              <MetadataToken>100663367</MetadataToken>
              <Name>System.String Homework_選課系統.Course::get_ClassTimeWednesday()</Name>
              <FileRef uid="3" />
              <SequencePoints>
                <SequencePoint vc="0" uspid="179" ordinal="0" offset="0" sl="223" sc="13" el="223" ec="14" bec="0" bev="0" fileid="3" />
                <SequencePoint vc="0" uspid="180" ordinal="1" offset="1" sl="224" sc="17" el="224" ec="61" bec="0" bev="0" fileid="3" />
                <SequencePoint vc="0" uspid="181" ordinal="2" offset="16" sl="225" sc="13" el="225" ec="14" bec="0" bev="0" fileid="3" />
              </SequencePoints>
              <BranchPoints />
              <MethodPoint xsi:type="SequencePoint" vc="0" uspid="179" ordinal="0" offset="0" sl="223" sc="13" el="223" ec="14" bec="0" bev="0" fileid="3" />
            </Method>
            <Method visited="false" cyclomaticComplexity="1" nPathComplexity="0" sequenceCoverage="0" branchCoverage="0" crapScore="2" isConstructor="false" isStatic="false" isGetter="false" isSetter="true">
              <Summary numSequencePoints="4" visitedSequencePoints="0" numBranchPoints="1" visitedBranchPoints="0" sequenceCoverage="0" branchCoverage="0" maxCyclomaticComplexity="1" minCyclomaticComplexity="1" maxCrapScore="2" minCrapScore="2" visitedClasses="0" numClasses="0" visitedMethods="0" numMethods="1" />
              <MetadataToken>100663368</MetadataToken>
              <Name>System.Void Homework_選課系統.Course::set_ClassTimeWednesday(System.String)</Name>
              <FileRef uid="3" />
              <SequencePoints>
                <SequencePoint vc="0" uspid="182" ordinal="0" offset="0" sl="227" sc="13" el="227" ec="14" bec="0" bev="0" fileid="3" />
                <SequencePoint vc="0" uspid="183" ordinal="1" offset="1" sl="228" sc="17" el="228" ec="52" bec="0" bev="0" fileid="3" />
                <SequencePoint vc="0" uspid="184" ordinal="2" offset="15" sl="229" sc="17" el="229" ec="61" bec="0" bev="0" fileid="3" />
                <SequencePoint vc="0" uspid="185" ordinal="3" offset="27" sl="230" sc="13" el="230" ec="14" bec="0" bev="0" fileid="3" />
              </SequencePoints>
              <BranchPoints />
              <MethodPoint xsi:type="SequencePoint" vc="0" uspid="182" ordinal="0" offset="0" sl="227" sc="13" el="227" ec="14" bec="0" bev="0" fileid="3" />
            </Method>
            <Method visited="false" cyclomaticComplexity="1" nPathComplexity="0" sequenceCoverage="0" branchCoverage="0" crapScore="2" isConstructor="false" isStatic="false" isGetter="true" isSetter="false">
              <Summary numSequencePoints="3" visitedSequencePoints="0" numBranchPoints="1" visitedBranchPoints="0" sequenceCoverage="0" branchCoverage="0" maxCyclomaticComplexity="1" minCyclomaticComplexity="1" maxCrapScore="2" minCrapScore="2" visitedClasses="0" numClasses="0" visitedMethods="0" numMethods="1" />
              <MetadataToken>100663369</MetadataToken>
              <Name>System.String Homework_選課系統.Course::get_ClassTimeThursday()</Name>
              <FileRef uid="3" />
              <SequencePoints>
                <SequencePoint vc="0" uspid="186" ordinal="0" offset="0" sl="236" sc="13" el="236" ec="14" bec="0" bev="0" fileid="3" />
                <SequencePoint vc="0" uspid="187" ordinal="1" offset="1" sl="237" sc="17" el="237" ec="60" bec="0" bev="0" fileid="3" />
                <SequencePoint vc="0" uspid="188" ordinal="2" offset="16" sl="238" sc="13" el="238" ec="14" bec="0" bev="0" fileid="3" />
              </SequencePoints>
              <BranchPoints />
              <MethodPoint xsi:type="SequencePoint" vc="0" uspid="186" ordinal="0" offset="0" sl="236" sc="13" el="236" ec="14" bec="0" bev="0" fileid="3" />
            </Method>
            <Method visited="false" cyclomaticComplexity="1" nPathComplexity="0" sequenceCoverage="0" branchCoverage="0" crapScore="2" isConstructor="false" isStatic="false" isGetter="false" isSetter="true">
              <Summary numSequencePoints="4" visitedSequencePoints="0" numBranchPoints="1" visitedBranchPoints="0" sequenceCoverage="0" branchCoverage="0" maxCyclomaticComplexity="1" minCyclomaticComplexity="1" maxCrapScore="2" minCrapScore="2" visitedClasses="0" numClasses="0" visitedMethods="0" numMethods="1" />
              <MetadataToken>100663370</MetadataToken>
              <Name>System.Void Homework_選課系統.Course::set_ClassTimeThursday(System.String)</Name>
              <FileRef uid="3" />
              <SequencePoints>
                <SequencePoint vc="0" uspid="189" ordinal="0" offset="0" sl="240" sc="13" el="240" ec="14" bec="0" bev="0" fileid="3" />
                <SequencePoint vc="0" uspid="190" ordinal="1" offset="1" sl="241" sc="17" el="241" ec="51" bec="0" bev="0" fileid="3" />
                <SequencePoint vc="0" uspid="191" ordinal="2" offset="15" sl="242" sc="17" el="242" ec="60" bec="0" bev="0" fileid="3" />
                <SequencePoint vc="0" uspid="192" ordinal="3" offset="27" sl="243" sc="13" el="243" ec="14" bec="0" bev="0" fileid="3" />
              </SequencePoints>
              <BranchPoints />
              <MethodPoint xsi:type="SequencePoint" vc="0" uspid="189" ordinal="0" offset="0" sl="240" sc="13" el="240" ec="14" bec="0" bev="0" fileid="3" />
            </Method>
            <Method visited="false" cyclomaticComplexity="1" nPathComplexity="0" sequenceCoverage="0" branchCoverage="0" crapScore="2" isConstructor="false" isStatic="false" isGetter="true" isSetter="false">
              <Summary numSequencePoints="3" visitedSequencePoints="0" numBranchPoints="1" visitedBranchPoints="0" sequenceCoverage="0" branchCoverage="0" maxCyclomaticComplexity="1" minCyclomaticComplexity="1" maxCrapScore="2" minCrapScore="2" visitedClasses="0" numClasses="0" visitedMethods="0" numMethods="1" />
              <MetadataToken>100663371</MetadataToken>
              <Name>System.String Homework_選課系統.Course::get_ClassTimeFriday()</Name>
              <FileRef uid="3" />
              <SequencePoints>
                <SequencePoint vc="0" uspid="193" ordinal="0" offset="0" sl="249" sc="13" el="249" ec="14" bec="0" bev="0" fileid="3" />
                <SequencePoint vc="0" uspid="194" ordinal="1" offset="1" sl="250" sc="17" el="250" ec="58" bec="0" bev="0" fileid="3" />
                <SequencePoint vc="0" uspid="195" ordinal="2" offset="16" sl="251" sc="13" el="251" ec="14" bec="0" bev="0" fileid="3" />
              </SequencePoints>
              <BranchPoints />
              <MethodPoint xsi:type="SequencePoint" vc="0" uspid="193" ordinal="0" offset="0" sl="249" sc="13" el="249" ec="14" bec="0" bev="0" fileid="3" />
            </Method>
            <Method visited="false" cyclomaticComplexity="1" nPathComplexity="0" sequenceCoverage="0" branchCoverage="0" crapScore="2" isConstructor="false" isStatic="false" isGetter="false" isSetter="true">
              <Summary numSequencePoints="4" visitedSequencePoints="0" numBranchPoints="1" visitedBranchPoints="0" sequenceCoverage="0" branchCoverage="0" maxCyclomaticComplexity="1" minCyclomaticComplexity="1" maxCrapScore="2" minCrapScore="2" visitedClasses="0" numClasses="0" visitedMethods="0" numMethods="1" />
              <MetadataToken>100663372</MetadataToken>
              <Name>System.Void Homework_選課系統.Course::set_ClassTimeFriday(System.String)</Name>
              <FileRef uid="3" />
              <SequencePoints>
                <SequencePoint vc="0" uspid="196" ordinal="0" offset="0" sl="253" sc="13" el="253" ec="14" bec="0" bev="0" fileid="3" />
                <SequencePoint vc="0" uspid="197" ordinal="1" offset="1" sl="254" sc="17" el="254" ec="49" bec="0" bev="0" fileid="3" />
                <SequencePoint vc="0" uspid="198" ordinal="2" offset="15" sl="255" sc="17" el="255" ec="58" bec="0" bev="0" fileid="3" />
                <SequencePoint vc="0" uspid="199" ordinal="3" offset="27" sl="256" sc="13" el="256" ec="14" bec="0" bev="0" fileid="3" />
              </SequencePoints>
              <BranchPoints />
              <MethodPoint xsi:type="SequencePoint" vc="0" uspid="196" ordinal="0" offset="0" sl="253" sc="13" el="253" ec="14" bec="0" bev="0" fileid="3" />
            </Method>
            <Method visited="false" cyclomaticComplexity="1" nPathComplexity="0" sequenceCoverage="0" branchCoverage="0" crapScore="2" isConstructor="false" isStatic="false" isGetter="true" isSetter="false">
              <Summary numSequencePoints="3" visitedSequencePoints="0" numBranchPoints="1" visitedBranchPoints="0" sequenceCoverage="0" branchCoverage="0" maxCyclomaticComplexity="1" minCyclomaticComplexity="1" maxCrapScore="2" minCrapScore="2" visitedClasses="0" numClasses="0" visitedMethods="0" numMethods="1" />
              <MetadataToken>100663373</MetadataToken>
              <Name>System.String Homework_選課系統.Course::get_ClassTimeSaturday()</Name>
              <FileRef uid="3" />
              <SequencePoints>
[...]
                <SequencePoint vc="0" uspid="2128" ordinal="181" offset="3023" sl="270" sc="13" el="270" ec="63" bec="0" bev="0" fileid="18" />
                <SequencePoint vc="0" uspid="2129" ordinal="182" offset="3036" sl="274" sc="13" el="274" ec="84" bec="0" bev="0" fileid="18" />
                <SequencePoint vc="0" uspid="2130" ordinal="183" offset="3060" sl="275" sc="13" el="275" ec="69" bec="0" bev="0" fileid="18" />
                <SequencePoint vc="0" uspid="2131" ordinal="184" offset="3077" sl="276" sc="13" el="276" ec="79" bec="0" bev="0" fileid="18" />
                <SequencePoint vc="0" uspid="2132" ordinal="185" offset="3098" sl="277" sc="13" el="277" ec="52" bec="0" bev="0" fileid="18" />
                <SequencePoint vc="0" uspid="2133" ordinal="186" offset="3111" sl="281" sc="13" el="281" ec="82" bec="0" bev="0" fileid="18" />
                <SequencePoint vc="0" uspid="2134" ordinal="187" offset="3132" sl="282" sc="13" el="282" ec="67" bec="0" bev="0" fileid="18" />
                <SequencePoint vc="0" uspid="2135" ordinal="188" offset="3149" sl="283" sc="13" el="283" ec="77" bec="0" bev="0" fileid="18" />
                <SequencePoint vc="0" uspid="2136" ordinal="189" offset="3170" sl="284" sc="13" el="284" ec="51" bec="0" bev="0" fileid="18" />
                <SequencePoint vc="0" uspid="2137" ordinal="190" offset="3183" sl="288" sc="13" el="288" ec="82" bec="0" bev="0" fileid="18" />
                <SequencePoint vc="0" uspid="2138" ordinal="191" offset="3207" sl="289" sc="13" el="289" ec="65" bec="0" bev="0" fileid="18" />
                <SequencePoint vc="0" uspid="2139" ordinal="192" offset="3224" sl="290" sc="13" el="290" ec="77" bec="0" bev="0" fileid="18" />
                <SequencePoint vc="0" uspid="2140" ordinal="193" offset="3248" sl="291" sc="13" el="291" ec="50" bec="0" bev="0" fileid="18" />
                <SequencePoint vc="0" uspid="2141" ordinal="194" offset="3261" sl="295" sc="13" el="295" ec="84" bec="0" bev="0" fileid="18" />
                <SequencePoint vc="0" uspid="2142" ordinal="195" offset="3285" sl="296" sc="13" el="296" ec="69" bec="0" bev="0" fileid="18" />
                <SequencePoint vc="0" uspid="2143" ordinal="196" offset="3302" sl="297" sc="13" el="297" ec="79" bec="0" bev="0" fileid="18" />
                <SequencePoint vc="0" uspid="2144" ordinal="197" offset="3323" sl="298" sc="13" el="298" ec="52" bec="0" bev="0" fileid="18" />
                <SequencePoint vc="0" uspid="2145" ordinal="198" offset="3336" sl="302" sc="13" el="302" ec="107" bec="0" bev="0" fileid="18" />
                <SequencePoint vc="0" uspid="2146" ordinal="199" offset="3349" sl="303" sc="13" el="303" ec="68" bec="0" bev="0" fileid="18" />
                <SequencePoint vc="0" uspid="2147" ordinal="200" offset="3362" sl="304" sc="13" el="310" ec="19" bec="0" bev="0" fileid="18" />
                <SequencePoint vc="0" uspid="2148" ordinal="201" offset="3433" sl="311" sc="13" el="311" ec="88" bec="0" bev="0" fileid="18" />
                <SequencePoint vc="0" uspid="2149" ordinal="202" offset="3457" sl="312" sc="13" el="312" ec="77" bec="0" bev="0" fileid="18" />
                <SequencePoint vc="0" uspid="2150" ordinal="203" offset="3474" sl="313" sc="13" el="313" ec="83" bec="0" bev="0" fileid="18" />
                <SequencePoint vc="0" uspid="2151" ordinal="204" offset="3495" sl="314" sc="13" el="314" ec="56" bec="0" bev="0" fileid="18" />
                <SequencePoint vc="0" uspid="2152" ordinal="205" offset="3508" sl="318" sc="13" el="318" ec="102" bec="0" bev="0" fileid="18" />
                <SequencePoint vc="0" uspid="2153" ordinal="206" offset="3521" sl="319" sc="13" el="319" ec="63" bec="0" bev="0" fileid="18" />
                <SequencePoint vc="0" uspid="2154" ordinal="207" offset="3534" sl="320" sc="13" el="323" ec="19" bec="0" bev="0" fileid="18" />
                <SequencePoint vc="0" uspid="2155" ordinal="208" offset="3581" sl="324" sc="13" el="324" ec="83" bec="0" bev="0" fileid="18" />
                <SequencePoint vc="0" uspid="2156" ordinal="209" offset="3605" sl="325" sc="13" el="325" ec="67" bec="0" bev="0" fileid="18" />
                <SequencePoint vc="0" uspid="2157" ordinal="210" offset="3622" sl="326" sc="13" el="326" ec="78" bec="0" bev="0" fileid="18" />
                <SequencePoint vc="0" uspid="2158" ordinal="211" offset="3646" sl="327" sc="13" el="327" ec="51" bec="0" bev="0" fileid="18" />
                <SequencePoint vc="0" uspid="2159" ordinal="212" offset="3659" sl="331" sc="13" el="331" ec="103" bec="0" bev="0" fileid="18" />
                <SequencePoint vc="0" uspid="2160" ordinal="213" offset="3672" sl="332" sc="13" el="332" ec="64" bec="0" bev="0" fileid="18" />
                <SequencePoint vc="0" uspid="2161" ordinal="214" offset="3685" sl="333" sc="13" el="335" ec="21" bec="0" bev="0" fileid="18" />
                <SequencePoint vc="0" uspid="2162" ordinal="215" offset="3724" sl="336" sc="13" el="336" ec="85" bec="0" bev="0" fileid="18" />
                <SequencePoint vc="0" uspid="2163" ordinal="216" offset="3751" sl="337" sc="13" el="337" ec="69" bec="0" bev="0" fileid="18" />
                <SequencePoint vc="0" uspid="2164" ordinal="217" offset="3768" sl="338" sc="13" el="338" ec="79" bec="0" bev="0" fileid="18" />
                <SequencePoint vc="0" uspid="2165" ordinal="218" offset="3792" sl="339" sc="13" el="339" ec="52" bec="0" bev="0" fileid="18" />
                <SequencePoint vc="0" uspid="2166" ordinal="219" offset="3805" sl="343" sc="13" el="343" ec="102" bec="0" bev="0" fileid="18" />
                <SequencePoint vc="0" uspid="2167" ordinal="220" offset="3818" sl="344" sc="13" el="344" ec="63" bec="0" bev="0" fileid="18" />
                <SequencePoint vc="0" uspid="2168" ordinal="221" offset="3831" sl="345" sc="13" el="347" ec="21" bec="0" bev="0" fileid="18" />
                <SequencePoint vc="0" uspid="2169" ordinal="222" offset="3870" sl="348" sc="13" el="348" ec="82" bec="0" bev="0" fileid="18" />
                <SequencePoint vc="0" uspid="2170" ordinal="223" offset="3891" sl="349" sc="13" el="349" ec="67" bec="0" bev="0" fileid="18" />
                <SequencePoint vc="0" uspid="2171" ordinal="224" offset="3908" sl="350" sc="13" el="350" ec="78" bec="0" bev="0" fileid="18" />
                <SequencePoint vc="0" uspid="2172" ordinal="225" offset="3929" sl="351" sc="13" el="351" ec="51" bec="0" bev="0" fileid="18" />
                <SequencePoint vc="0" uspid="2173" ordinal="226" offset="3942" sl="355" sc="13" el="355" ec="68" bec="0" bev="0" fileid="18" />
                <SequencePoint vc="0" uspid="2174" ordinal="227" offset="3955" sl="356" sc="13" el="356" ec="71" bec="0" bev="0" fileid="18" />
                <SequencePoint vc="0" uspid="2175" ordinal="228" offset="3968" sl="357" sc="13" el="357" ec="74" bec="0" bev="0" fileid="18" />
                <SequencePoint vc="0" uspid="2176" ordinal="229" offset="3981" sl="358" sc="13" el="358" ec="71" bec="0" bev="0" fileid="18" />
                <SequencePoint vc="0" uspid="2177" ordinal="230" offset="3994" sl="359" sc="13" el="359" ec="69" bec="0" bev="0" fileid="18" />
                <SequencePoint vc="0" uspid="2178" ordinal="231" offset="4007" sl="360" sc="13" el="360" ec="121" bec="0" bev="0" fileid="18" />
                <SequencePoint vc="0" uspid="2179" ordinal="232" offset="4021" sl="361" sc="13" el="361" ec="113" bec="0" bev="0" fileid="18" />
                <SequencePoint vc="0" uspid="2180" ordinal="233" offset="4034" sl="362" sc="13" el="362" ec="141" bec="0" bev="0" fileid="18" />
                <SequencePoint vc="0" uspid="2181" ordinal="234" offset="4047" sl="363" sc="13" el="371" ec="36" bec="0" bev="0" fileid="18" />
                <SequencePoint vc="0" uspid="2182" ordinal="235" offset="4142" sl="372" sc="13" el="372" ec="83" bec="0" bev="0" fileid="18" />
                <SequencePoint vc="0" uspid="2183" ordinal="236" offset="4155" sl="373" sc="13" el="373" ec="85" bec="0" bev="0" fileid="18" />
                <SequencePoint vc="0" uspid="2184" ordinal="237" offset="4178" sl="374" sc="13" el="374" ec="73" bec="0" bev="0" fileid="18" />
                <SequencePoint vc="0" uspid="2185" ordinal="238" offset="4195" sl="375" sc="13" el="375" ec="121" bec="0" bev="0" fileid="18" />
                <SequencePoint vc="0" uspid="2186" ordinal="239" offset="4208" sl="376" sc="13" el="376" ec="67" bec="0" bev="0" fileid="18" />
                <SequencePoint vc="0" uspid="2187" ordinal="240" offset="4221" sl="377" sc="13" el="377" ec="65" bec="0" bev="0" fileid="18" />
                <SequencePoint vc="0" uspid="2188" ordinal="241" offset="4240" sl="378" sc="13" el="378" ec="118" bec="0" bev="0" fileid="18" />
                <SequencePoint vc="0" uspid="2189" ordinal="242" offset="4253" sl="379" sc="13" el="379" ec="64" bec="0" bev="0" fileid="18" />
                <SequencePoint vc="0" uspid="2190" ordinal="243" offset="4266" sl="380" sc="13" el="380" ec="63" bec="0" bev="0" fileid="18" />
                <SequencePoint vc="0" uspid="2191" ordinal="244" offset="4279" sl="381" sc="13" el="381" ec="82" bec="0" bev="0" fileid="18" />
                <SequencePoint vc="0" uspid="2192" ordinal="245" offset="4306" sl="382" sc="13" el="382" ec="54" bec="0" bev="0" fileid="18" />
                <SequencePoint vc="0" uspid="2193" ordinal="246" offset="4319" sl="383" sc="13" el="383" ec="159" bec="0" bev="0" fileid="18" />
                <SequencePoint vc="0" uspid="2194" ordinal="247" offset="4343" sl="387" sc="13" el="387" ec="61" bec="0" bev="0" fileid="18" />
                <SequencePoint vc="0" uspid="2195" ordinal="248" offset="4360" sl="388" sc="13" el="388" ec="51" bec="0" bev="0" fileid="18" />
                <SequencePoint vc="0" uspid="2196" ordinal="249" offset="4377" sl="389" sc="13" el="389" ec="57" bec="0" bev="0" fileid="18" />
                <SequencePoint vc="0" uspid="2197" ordinal="250" offset="4394" sl="393" sc="13" el="393" ec="60" bec="0" bev="0" fileid="18" />
                <SequencePoint vc="0" uspid="2198" ordinal="251" offset="4411" sl="394" sc="13" el="394" ec="49" bec="0" bev="0" fileid="18" />
                <SequencePoint vc="0" uspid="2199" ordinal="252" offset="4428" sl="395" sc="13" el="395" ec="55" bec="0" bev="0" fileid="18" />
                <SequencePoint vc="0" uspid="2200" ordinal="253" offset="4445" sl="399" sc="13" el="399" ec="60" bec="0" bev="0" fileid="18" />
                <SequencePoint vc="0" uspid="2201" ordinal="254" offset="4462" sl="400" sc="13" el="400" ec="49" bec="0" bev="0" fileid="18" />
                <SequencePoint vc="0" uspid="2202" ordinal="255" offset="4479" sl="401" sc="13" el="401" ec="55" bec="0" bev="0" fileid="18" />
                <SequencePoint vc="0" uspid="2203" ordinal="256" offset="4496" sl="405" sc="13" el="405" ec="62" bec="0" bev="0" fileid="18" />
                <SequencePoint vc="0" uspid="2204" ordinal="257" offset="4513" sl="406" sc="13" el="406" ec="50" bec="0" bev="0" fileid="18" />
                <SequencePoint vc="0" uspid="2205" ordinal="258" offset="4530" sl="407" sc="13" el="407" ec="57" bec="0" bev="0" fileid="18" />
                <SequencePoint vc="0" uspid="2206" ordinal="259" offset="4547" sl="411" sc="13" el="411" ec="66" bec="0" bev="0" fileid="18" />
                <SequencePoint vc="0" uspid="2207" ordinal="260" offset="4564" sl="412" sc="13" el="412" ec="52" bec="0" bev="0" fileid="18" />
                <SequencePoint vc="0" uspid="2208" ordinal="261" offset="4581" sl="413" sc="13" el="413" ec="61" bec="0" bev="0" fileid="18" />
                <SequencePoint vc="0" uspid="2209" ordinal="262" offset="4598" sl="417" sc="13" el="417" ec="64" bec="0" bev="0" fileid="18" />
                <SequencePoint vc="0" uspid="2210" ordinal="263" offset="4615" sl="418" sc="13" el="418" ec="51" bec="0" bev="0" fileid="18" />
                <SequencePoint vc="0" uspid="2211" ordinal="264" offset="4632" sl="419" sc="13" el="419" ec="59" bec="0" bev="0" fileid="18" />
                <SequencePoint vc="0" uspid="2212" ordinal="265" offset="4649" sl="423" sc="13" el="423" ec="60" bec="0" bev="0" fileid="18" />
                <SequencePoint vc="0" uspid="2213" ordinal="266" offset="4666" sl="424" sc="13" el="424" ec="49" bec="0" bev="0" fileid="18" />
                <SequencePoint vc="0" uspid="2214" ordinal="267" offset="4683" sl="425" sc="13" el="425" ec="55" bec="0" bev="0" fileid="18" />
                <SequencePoint vc="0" uspid="2215" ordinal="268" offset="4700" sl="429" sc="13" el="429" ec="64" bec="0" bev="0" fileid="18" />
                <SequencePoint vc="0" uspid="2216" ordinal="269" offset="4717" sl="430" sc="13" el="430" ec="51" bec="0" bev="0" fileid="18" />
                <SequencePoint vc="0" uspid="2217" ordinal="270" offset="4734" sl="431" sc="13" el="431" ec="59" bec="0" bev="0" fileid="18" />
                <SequencePoint vc="0" uspid="2218" ordinal="271" offset="4751" sl="435" sc="13" el="435" ec="76" bec="0" bev="0" fileid="18" />
                <SequencePoint vc="0" uspid="2219" ordinal="272" offset="4778" sl="436" sc="13" el="436" ec="51" bec="0" bev="0" fileid="18" />
                <SequencePoint vc="0" uspid="2220" ordinal="273" offset="4795" sl="437" sc="13" el="437" ec="70" bec="0" bev="0" fileid="18" />
                <SequencePoint vc="0" uspid="2221" ordinal="274" offset="4816" sl="438" sc="13" el="438" ec="43" bec="0" bev="0" fileid="18" />
                <SequencePoint vc="0" uspid="2222" ordinal="275" offset="4829" sl="439" sc="13" el="439" ec="42" bec="0" bev="0" fileid="18" />
                <SequencePoint vc="0" uspid="2223" ordinal="276" offset="4846" sl="440" sc="13" el="440" ec="61" bec="0" bev="0" fileid="18" />
                <SequencePoint vc="0" uspid="2224" ordinal="277" offset="4859" sl="441" sc="13" el="441" ec="85" bec="0" bev="0" fileid="18" />
                <SequencePoint vc="0" uspid="2225" ordinal="278" offset="4883" sl="445" sc="13" el="445" ec="82" bec="0" bev="0" fileid="18" />
                <SequencePoint vc="0" uspid="2226" ordinal="279" offset="4906" sl="446" sc="13" el="446" ec="67" bec="0" bev="0" fileid="18" />
                <SequencePoint vc="0" uspid="2227" ordinal="280" offset="4923" sl="447" sc="13" el="447" ec="78" bec="0" bev="0" fileid="18" />
                <SequencePoint vc="0" uspid="2228" ordinal="281" offset="4947" sl="448" sc="13" el="448" ec="51" bec="0" bev="0" fileid="18" />
                <SequencePoint vc="0" uspid="2229" ordinal="282" offset="4960" sl="449" sc="13" el="449" ec="52" bec="0" bev="0" fileid="18" />
                <SequencePoint vc="0" uspid="2230" ordinal="283" offset="4977" sl="450" sc="13" el="450" ec="69" bec="0" bev="0" fileid="18" />
                <SequencePoint vc="0" uspid="2231" ordinal="284" offset="4990" sl="451" sc="13" el="451" ec="101" bec="0" bev="0" fileid="18" />
                <SequencePoint vc="0" uspid="2232" ordinal="285" offset="5014" sl="455" sc="13" el="455" ec="73" bec="0" bev="0" fileid="18" />
                <SequencePoint vc="0" uspid="2233" ordinal="286" offset="5032" sl="456" sc="13" el="456" ec="57" bec="0" bev="0" fileid="18" />
                <SequencePoint vc="0" uspid="2234" ordinal="287" offset="5049" sl="457" sc="13" el="457" ec="59" bec="0" bev="0" fileid="18" />
                <SequencePoint vc="0" uspid="2235" ordinal="288" offset="5062" sl="458" sc="13" el="458" ec="50" bec="0" bev="0" fileid="18" />
                <SequencePoint vc="0" uspid="2236" ordinal="289" offset="5076" sl="459" sc="13" el="459" ec="76" bec="0" bev="0" fileid="18" />
                <SequencePoint vc="0" uspid="2237" ordinal="290" offset="5095" sl="460" sc="13" el="460" ec="59" bec="0" bev="0" fileid="18" />
                <SequencePoint vc="0" uspid="2238" ordinal="291" offset="5112" sl="461" sc="13" el="461" ec="75" bec="0" bev="0" fileid="18" />
                <SequencePoint vc="0" uspid="2239" ordinal="292" offset="5139" sl="462" sc="13" el="462" ec="47" bec="0" bev="0" fileid="18" />
                <SequencePoint vc="0" uspid="2240" ordinal="293" offset="5152" sl="463" sc="13" el="463" ec="123" bec="0" bev="0" fileid="18" />
                <SequencePoint vc="0" uspid="2241" ordinal="294" offset="5176" sl="467" sc="13" el="467" ec="81" bec="0" bev="0" fileid="18" />
                <SequencePoint vc="0" uspid="2242" ordinal="295" offset="5198" sl="471" sc="13" el="471" ec="81" bec="0" bev="0" fileid="18" />
                <SequencePoint vc="0" uspid="2243" ordinal="296" offset="5218" sl="472" sc="13" el="472" ec="67" bec="0" bev="0" fileid="18" />
                <SequencePoint vc="0" uspid="2244" ordinal="297" offset="5235" sl="473" sc="13" el="473" ec="84" bec="0" bev="0" fileid="18" />
                <SequencePoint vc="0" uspid="2245" ordinal="298" offset="5253" sl="474" sc="13" el="474" ec="79" bec="0" bev="0" fileid="18" />
                <SequencePoint vc="0" uspid="2246" ordinal="299" offset="5280" sl="475" sc="13" el="475" ec="51" bec="0" bev="0" fileid="18" />
                <SequencePoint vc="0" uspid="2247" ordinal="300" offset="5293" sl="476" sc="13" el="476" ec="52" bec="0" bev="0" fileid="18" />
                <SequencePoint vc="0" uspid="2248" ordinal="301" offset="5310" sl="477" sc="13" el="477" ec="69" bec="0" bev="0" fileid="18" />
                <SequencePoint vc="0" uspid="2249" ordinal="302" offset="5323" sl="481" sc="13" el="481" ec="74" bec="0" bev="0" fileid="18" />
                <SequencePoint vc="0" uspid="2250" ordinal="303" offset="5345" sl="482" sc="13" el="482" ec="74" bec="0" bev="0" fileid="18" />
                <SequencePoint vc="0" uspid="2251" ordinal="304" offset="5353" sl="483" sc="13" el="483" ec="65" bec="0" bev="0" fileid="18" />
                <SequencePoint vc="0" uspid="2252" ordinal="305" offset="5375" sl="484" sc="13" el="484" ec="49" bec="0" bev="0" fileid="18" />
                <SequencePoint vc="0" uspid="2253" ordinal="306" offset="5393" sl="485" sc="13" el="485" ec="44" bec="0" bev="0" fileid="18" />
                <SequencePoint vc="0" uspid="2254" ordinal="307" offset="5405" sl="486" sc="13" el="486" ec="43" bec="0" bev="0" fileid="18" />
                <SequencePoint vc="0" uspid="2255" ordinal="308" offset="5417" sl="487" sc="13" el="487" ec="98" bec="0" bev="0" fileid="18" />
                <SequencePoint vc="0" uspid="2256" ordinal="309" offset="5424" sl="488" sc="13" el="488" ec="50" bec="0" bev="0" fileid="18" />
                <SequencePoint vc="0" uspid="2257" ordinal="310" offset="5437" sl="489" sc="13" el="489" ec="59" bec="0" bev="0" fileid="18" />
                <SequencePoint vc="0" uspid="2258" ordinal="311" offset="5450" sl="490" sc="13" el="490" ec="54" bec="0" bev="0" fileid="18" />
                <SequencePoint vc="0" uspid="2259" ordinal="312" offset="5463" sl="491" sc="13" el="491" ec="50" bec="0" bev="0" fileid="18" />
                <SequencePoint vc="0" uspid="2260" ordinal="313" offset="5475" sl="492" sc="13" el="492" ec="97" bec="0" bev="0" fileid="18" />
                <SequencePoint vc="0" uspid="2261" ordinal="314" offset="5487" sl="493" sc="13" el="493" ec="95" bec="0" bev="0" fileid="18" />
                <SequencePoint vc="0" uspid="2262" ordinal="315" offset="5499" sl="494" sc="13" el="494" ec="38" bec="0" bev="0" fileid="18" />
                <SequencePoint vc="0" uspid="2263" ordinal="316" offset="5507" sl="496" sc="9" el="496" ec="10" bec="0" bev="0" fileid="18" />
              </SequencePoints>
              <BranchPoints />
              <MethodPoint xsi:type="SequencePoint" vc="0" uspid="1947" ordinal="0" offset="0" sl="31" sc="9" el="31" ec="10" bec="0" bev="0" fileid="18" />
            </Method>
          </Methods>
        </Class>
      </Classes>
    </Module>
  </Modules>
</CoverageSession>